{"/srv/homeassistant/bdh/src/automation.ts": {"path":"/srv/homeassistant/bdh/src/automation.ts","all":true,"statementMap":{"0":{"start":{"line":1,"column":0},"end":{"line":1,"column":24}},"1":{"start":{"line":2,"column":0},"end":{"line":2,"column":31}},"2":{"start":{"line":3,"column":0},"end":{"line":3,"column":30}},"3":{"start":{"line":4,"column":0},"end":{"line":4,"column":29}},"4":{"start":{"line":5,"column":0},"end":{"line":5,"column":0}},"5":{"start":{"line":6,"column":0},"end":{"line":6,"column":29}},"6":{"start":{"line":7,"column":0},"end":{"line":7,"column":30}},"7":{"start":{"line":8,"column":0},"end":{"line":8,"column":31}},"8":{"start":{"line":9,"column":0},"end":{"line":9,"column":23}},"9":{"start":{"line":10,"column":0},"end":{"line":10,"column":0}},"10":{"start":{"line":11,"column":0},"end":{"line":11,"column":25}},"11":{"start":{"line":12,"column":0},"end":{"line":12,"column":26}},"12":{"start":{"line":13,"column":0},"end":{"line":13,"column":3}},"13":{"start":{"line":14,"column":0},"end":{"line":14,"column":0}},"14":{"start":{"line":15,"column":0},"end":{"line":15,"column":21}},"15":{"start":{"line":16,"column":0},"end":{"line":16,"column":22}},"16":{"start":{"line":17,"column":0},"end":{"line":17,"column":3}},"17":{"start":{"line":18,"column":0},"end":{"line":18,"column":0}},"18":{"start":{"line":19,"column":0},"end":{"line":19,"column":54}},"19":{"start":{"line":20,"column":0},"end":{"line":20,"column":44}},"20":{"start":{"line":21,"column":0},"end":{"line":21,"column":54}},"21":{"start":{"line":22,"column":0},"end":{"line":22,"column":22}},"22":{"start":{"line":23,"column":0},"end":{"line":23,"column":3}},"23":{"start":{"line":24,"column":0},"end":{"line":24,"column":0}},"24":{"start":{"line":25,"column":0},"end":{"line":25,"column":48}},"25":{"start":{"line":26,"column":0},"end":{"line":26,"column":48}},"26":{"start":{"line":27,"column":0},"end":{"line":27,"column":4}},"27":{"start":{"line":28,"column":0},"end":{"line":28,"column":15}},"28":{"start":{"line":29,"column":0},"end":{"line":29,"column":13}},"29":{"start":{"line":30,"column":0},"end":{"line":30,"column":0}},"30":{"start":{"line":31,"column":0},"end":{"line":31,"column":9}},"31":{"start":{"line":32,"column":0},"end":{"line":32,"column":63}},"32":{"start":{"line":33,"column":0},"end":{"line":33,"column":48}},"33":{"start":{"line":34,"column":0},"end":{"line":34,"column":18}},"34":{"start":{"line":35,"column":0},"end":{"line":35,"column":76}},"35":{"start":{"line":36,"column":0},"end":{"line":36,"column":72}},"36":{"start":{"line":37,"column":0},"end":{"line":37,"column":5}},"37":{"start":{"line":38,"column":0},"end":{"line":38,"column":2}},"38":{"start":{"line":39,"column":0},"end":{"line":39,"column":9}},"39":{"start":{"line":40,"column":0},"end":{"line":40,"column":32}},"40":{"start":{"line":41,"column":0},"end":{"line":41,"column":18}},"41":{"start":{"line":42,"column":0},"end":{"line":42,"column":81}},"42":{"start":{"line":43,"column":0},"end":{"line":43,"column":77}},"43":{"start":{"line":44,"column":0},"end":{"line":44,"column":5}},"44":{"start":{"line":45,"column":0},"end":{"line":45,"column":46}},"45":{"start":{"line":46,"column":0},"end":{"line":46,"column":3}},"46":{"start":{"line":47,"column":0},"end":{"line":47,"column":1}},"47":{"start":{"line":48,"column":0},"end":{"line":48,"column":0}},"48":{"start":{"line":49,"column":0},"end":{"line":49,"column":0}},"49":{"start":{"line":50,"column":0},"end":{"line":50,"column":28}},"50":{"start":{"line":51,"column":0},"end":{"line":51,"column":37}},"51":{"start":{"line":52,"column":0},"end":{"line":52,"column":32}},"52":{"start":{"line":53,"column":0},"end":{"line":53,"column":0}},"53":{"start":{"line":54,"column":0},"end":{"line":54,"column":4}}},"s":{"0":0,"1":0,"2":0,"3":0,"4":0,"5":0,"6":0,"7":0,"8":0,"9":0,"10":0,"11":0,"12":0,"13":0,"14":0,"15":0,"16":0,"17":0,"18":0,"19":0,"20":0,"21":0,"22":0,"23":0,"24":0,"25":0,"26":0,"27":0,"28":0,"29":0,"30":0,"31":0,"32":0,"33":0,"34":0,"35":0,"36":0,"37":0,"38":0,"39":0,"40":0,"41":0,"42":0,"43":0,"44":0,"45":0,"46":0,"47":0,"48":0,"49":0,"50":0,"51":0,"52":0,"53":0},"branchMap":{"0":{"type":"branch","line":1,"loc":{"start":{"line":1,"column":0},"end":{"line":54,"column":4}},"locations":[{"start":{"line":1,"column":0},"end":{"line":54,"column":4}}]}},"b":{"0":[0]},"fnMap":{"0":{"name":"(empty-report)","decl":{"start":{"line":1,"column":0},"end":{"line":54,"column":4}},"loc":{"start":{"line":1,"column":0},"end":{"line":54,"column":4}},"line":1}},"f":{"0":0}}
,"/srv/homeassistant/bdh/src/feature.ts": {"path":"/srv/homeassistant/bdh/src/feature.ts","all":false,"statementMap":{"0":{"start":{"line":1,"column":0},"end":{"line":1,"column":46}},"1":{"start":{"line":2,"column":0},"end":{"line":2,"column":48}},"2":{"start":{"line":3,"column":0},"end":{"line":3,"column":24}},"3":{"start":{"line":4,"column":0},"end":{"line":4,"column":31}},"4":{"start":{"line":5,"column":0},"end":{"line":5,"column":30}},"5":{"start":{"line":6,"column":0},"end":{"line":6,"column":0}},"6":{"start":{"line":7,"column":0},"end":{"line":7,"column":22}},"7":{"start":{"line":8,"column":0},"end":{"line":8,"column":0}},"8":{"start":{"line":9,"column":0},"end":{"line":9,"column":31}},"9":{"start":{"line":10,"column":0},"end":{"line":10,"column":29}},"10":{"start":{"line":11,"column":0},"end":{"line":11,"column":24}},"11":{"start":{"line":12,"column":0},"end":{"line":12,"column":0}},"12":{"start":{"line":13,"column":0},"end":{"line":13,"column":28}},"13":{"start":{"line":14,"column":0},"end":{"line":14,"column":29}},"14":{"start":{"line":15,"column":0},"end":{"line":15,"column":3}},"15":{"start":{"line":16,"column":0},"end":{"line":16,"column":0}},"16":{"start":{"line":17,"column":0},"end":{"line":17,"column":24}},"17":{"start":{"line":18,"column":0},"end":{"line":18,"column":25}},"18":{"start":{"line":19,"column":0},"end":{"line":19,"column":3}},"19":{"start":{"line":20,"column":0},"end":{"line":20,"column":0}},"20":{"start":{"line":21,"column":0},"end":{"line":21,"column":37}},"21":{"start":{"line":22,"column":0},"end":{"line":22,"column":0}},"22":{"start":{"line":23,"column":0},"end":{"line":23,"column":50}},"23":{"start":{"line":24,"column":0},"end":{"line":24,"column":0}},"24":{"start":{"line":25,"column":0},"end":{"line":25,"column":49}},"25":{"start":{"line":26,"column":0},"end":{"line":26,"column":38}},"26":{"start":{"line":27,"column":0},"end":{"line":27,"column":0}},"27":{"start":{"line":28,"column":0},"end":{"line":28,"column":46}},"28":{"start":{"line":29,"column":0},"end":{"line":29,"column":50}},"29":{"start":{"line":30,"column":0},"end":{"line":30,"column":144}},"30":{"start":{"line":31,"column":0},"end":{"line":31,"column":56}},"31":{"start":{"line":32,"column":0},"end":{"line":32,"column":74}},"32":{"start":{"line":33,"column":0},"end":{"line":33,"column":4}},"33":{"start":{"line":34,"column":0},"end":{"line":34,"column":28}},"34":{"start":{"line":35,"column":0},"end":{"line":35,"column":9}},"35":{"start":{"line":36,"column":0},"end":{"line":36,"column":62}},"36":{"start":{"line":37,"column":0},"end":{"line":37,"column":18}},"37":{"start":{"line":38,"column":0},"end":{"line":38,"column":86}},"38":{"start":{"line":39,"column":0},"end":{"line":39,"column":5}},"39":{"start":{"line":40,"column":0},"end":{"line":40,"column":0}},"40":{"start":{"line":41,"column":0},"end":{"line":41,"column":9}},"41":{"start":{"line":42,"column":0},"end":{"line":42,"column":48}},"42":{"start":{"line":43,"column":0},"end":{"line":43,"column":4}},"43":{"start":{"line":44,"column":0},"end":{"line":44,"column":18}},"44":{"start":{"line":45,"column":0},"end":{"line":45,"column":39}},"45":{"start":{"line":46,"column":0},"end":{"line":46,"column":87}},"46":{"start":{"line":47,"column":0},"end":{"line":47,"column":5}},"47":{"start":{"line":48,"column":0},"end":{"line":48,"column":0}},"48":{"start":{"line":49,"column":0},"end":{"line":49,"column":144}},"49":{"start":{"line":50,"column":0},"end":{"line":50,"column":86}},"50":{"start":{"line":51,"column":0},"end":{"line":51,"column":5}},"51":{"start":{"line":52,"column":0},"end":{"line":52,"column":3}},"52":{"start":{"line":53,"column":0},"end":{"line":53,"column":1}}},"s":{"0":1,"1":1,"2":1,"3":1,"4":1,"5":1,"6":1,"7":1,"8":1,"9":1,"10":1,"11":1,"12":1,"13":2,"14":2,"15":1,"16":1,"17":4,"18":4,"19":1,"20":1,"21":5,"22":5,"23":5,"24":5,"25":5,"26":5,"27":5,"28":5,"29":5,"30":5,"31":5,"32":5,"33":5,"34":5,"35":5,"36":5,"37":1,"38":1,"39":5,"40":5,"41":5,"42":5,"43":5,"44":1,"45":1,"46":1,"47":5,"48":5,"49":1,"50":1,"51":5,"52":1},"branchMap":{"0":{"type":"branch","line":21,"loc":{"start":{"line":21,"column":2},"end":{"line":52,"column":3}},"locations":[{"start":{"line":21,"column":2},"end":{"line":52,"column":3}}]},"1":{"type":"branch","line":30,"loc":{"start":{"line":30,"column":55},"end":{"line":30,"column":100}},"locations":[{"start":{"line":30,"column":55},"end":{"line":30,"column":100}}]},"2":{"type":"branch","line":30,"loc":{"start":{"line":30,"column":101},"end":{"line":30,"column":143}},"locations":[{"start":{"line":30,"column":101},"end":{"line":30,"column":143}}]},"3":{"type":"branch","line":37,"loc":{"start":{"line":37,"column":5},"end":{"line":37,"column":12}},"locations":[{"start":{"line":37,"column":5},"end":{"line":37,"column":12}}]},"4":{"type":"branch","line":37,"loc":{"start":{"line":37,"column":6},"end":{"line":39,"column":5}},"locations":[{"start":{"line":37,"column":6},"end":{"line":39,"column":5}}]},"5":{"type":"branch","line":44,"loc":{"start":{"line":44,"column":5},"end":{"line":44,"column":12}},"locations":[{"start":{"line":44,"column":5},"end":{"line":44,"column":12}}]},"6":{"type":"branch","line":44,"loc":{"start":{"line":44,"column":6},"end":{"line":47,"column":5}},"locations":[{"start":{"line":44,"column":6},"end":{"line":47,"column":5}}]},"7":{"type":"branch","line":49,"loc":{"start":{"line":49,"column":35},"end":{"line":49,"column":37}},"locations":[{"start":{"line":49,"column":35},"end":{"line":49,"column":37}}]},"8":{"type":"branch","line":49,"loc":{"start":{"line":49,"column":35},"end":{"line":49,"column":44}},"locations":[{"start":{"line":49,"column":35},"end":{"line":49,"column":44}}]},"9":{"type":"branch","line":49,"loc":{"start":{"line":49,"column":44},"end":{"line":49,"column":46}},"locations":[{"start":{"line":49,"column":44},"end":{"line":49,"column":46}}]},"10":{"type":"branch","line":49,"loc":{"start":{"line":49,"column":44},"end":{"line":49,"column":46}},"locations":[{"start":{"line":49,"column":44},"end":{"line":49,"column":46}}]},"11":{"type":"branch","line":49,"loc":{"start":{"line":49,"column":44},"end":{"line":49,"column":54}},"locations":[{"start":{"line":49,"column":44},"end":{"line":49,"column":54}}]},"12":{"type":"branch","line":49,"loc":{"start":{"line":49,"column":55},"end":{"line":49,"column":141}},"locations":[{"start":{"line":49,"column":55},"end":{"line":49,"column":141}}]},"13":{"type":"branch","line":49,"loc":{"start":{"line":49,"column":72},"end":{"line":49,"column":74}},"locations":[{"start":{"line":49,"column":72},"end":{"line":49,"column":74}}]},"14":{"type":"branch","line":49,"loc":{"start":{"line":49,"column":81},"end":{"line":49,"column":83}},"locations":[{"start":{"line":49,"column":81},"end":{"line":49,"column":83}}]},"15":{"type":"branch","line":49,"loc":{"start":{"line":49,"column":143},"end":{"line":51,"column":5}},"locations":[{"start":{"line":49,"column":143},"end":{"line":51,"column":5}}]},"16":{"type":"branch","line":49,"loc":{"start":{"line":49,"column":97},"end":{"line":49,"column":132}},"locations":[{"start":{"line":49,"column":97},"end":{"line":49,"column":132}}]},"17":{"type":"branch","line":13,"loc":{"start":{"line":13,"column":2},"end":{"line":15,"column":3}},"locations":[{"start":{"line":13,"column":2},"end":{"line":15,"column":3}}]},"18":{"type":"branch","line":17,"loc":{"start":{"line":17,"column":2},"end":{"line":19,"column":3}},"locations":[{"start":{"line":17,"column":2},"end":{"line":19,"column":3}}]}},"b":{"0":[5],"1":[1],"2":[4],"3":[4],"4":[1],"5":[3],"6":[1],"7":[0],"8":[3],"9":[3],"10":[0],"11":[3],"12":[3],"13":[0],"14":[0],"15":[1],"16":[2],"17":[2],"18":[4]},"fnMap":{"0":{"name":"Feature","decl":{"start":{"line":21,"column":2},"end":{"line":52,"column":3}},"loc":{"start":{"line":21,"column":2},"end":{"line":52,"column":3}},"line":21},"1":{"name":"get featureFile","decl":{"start":{"line":13,"column":2},"end":{"line":15,"column":3}},"loc":{"start":{"line":13,"column":2},"end":{"line":15,"column":3}},"line":13},"2":{"name":"get gherkin","decl":{"start":{"line":17,"column":2},"end":{"line":19,"column":3}},"loc":{"start":{"line":17,"column":2},"end":{"line":19,"column":3}},"line":17}},"f":{"0":5,"1":2,"2":4}}
,"/srv/homeassistant/bdh/src/types.ts": {"path":"/srv/homeassistant/bdh/src/types.ts","all":false,"statementMap":{"0":{"start":{"line":1,"column":0},"end":{"line":1,"column":0}},"1":{"start":{"line":2,"column":0},"end":{"line":2,"column":0}},"2":{"start":{"line":3,"column":0},"end":{"line":3,"column":24}},"3":{"start":{"line":4,"column":0},"end":{"line":4,"column":20}},"4":{"start":{"line":5,"column":0},"end":{"line":5,"column":20}},"5":{"start":{"line":6,"column":0},"end":{"line":6,"column":20}},"6":{"start":{"line":7,"column":0},"end":{"line":7,"column":20}},"7":{"start":{"line":8,"column":0},"end":{"line":8,"column":20}},"8":{"start":{"line":9,"column":0},"end":{"line":9,"column":20}},"9":{"start":{"line":10,"column":0},"end":{"line":10,"column":0}},"10":{"start":{"line":11,"column":0},"end":{"line":11,"column":20}},"11":{"start":{"line":12,"column":0},"end":{"line":12,"column":25}},"12":{"start":{"line":13,"column":0},"end":{"line":13,"column":3}},"13":{"start":{"line":14,"column":0},"end":{"line":14,"column":0}},"14":{"start":{"line":15,"column":0},"end":{"line":15,"column":21}},"15":{"start":{"line":16,"column":0},"end":{"line":16,"column":26}},"16":{"start":{"line":17,"column":0},"end":{"line":17,"column":3}},"17":{"start":{"line":18,"column":0},"end":{"line":18,"column":0}},"18":{"start":{"line":19,"column":0},"end":{"line":19,"column":25}},"19":{"start":{"line":20,"column":0},"end":{"line":20,"column":30}},"20":{"start":{"line":21,"column":0},"end":{"line":21,"column":3}},"21":{"start":{"line":22,"column":0},"end":{"line":22,"column":0}},"22":{"start":{"line":23,"column":0},"end":{"line":23,"column":24}},"23":{"start":{"line":24,"column":0},"end":{"line":24,"column":29}},"24":{"start":{"line":25,"column":0},"end":{"line":25,"column":3}},"25":{"start":{"line":26,"column":0},"end":{"line":26,"column":0}},"26":{"start":{"line":27,"column":0},"end":{"line":27,"column":27}},"27":{"start":{"line":28,"column":0},"end":{"line":28,"column":36}},"28":{"start":{"line":29,"column":0},"end":{"line":29,"column":44}},"29":{"start":{"line":30,"column":0},"end":{"line":30,"column":40}},"30":{"start":{"line":31,"column":0},"end":{"line":31,"column":40}},"31":{"start":{"line":32,"column":0},"end":{"line":32,"column":39}},"32":{"start":{"line":33,"column":0},"end":{"line":33,"column":46}},"33":{"start":{"line":34,"column":0},"end":{"line":34,"column":3}},"34":{"start":{"line":35,"column":0},"end":{"line":35,"column":0}},"35":{"start":{"line":36,"column":0},"end":{"line":36,"column":11}},"36":{"start":{"line":37,"column":0},"end":{"line":37,"column":27}},"37":{"start":{"line":38,"column":0},"end":{"line":38,"column":27}},"38":{"start":{"line":39,"column":0},"end":{"line":39,"column":27}},"39":{"start":{"line":40,"column":0},"end":{"line":40,"column":27}},"40":{"start":{"line":41,"column":0},"end":{"line":41,"column":27}},"41":{"start":{"line":42,"column":0},"end":{"line":42,"column":27}},"42":{"start":{"line":43,"column":0},"end":{"line":43,"column":2}},"43":{"start":{"line":44,"column":0},"end":{"line":44,"column":3}},"44":{"start":{"line":45,"column":0},"end":{"line":45,"column":1}}},"s":{"0":1,"1":1,"2":18,"3":18,"4":18,"5":18,"6":18,"7":18,"8":18,"9":18,"10":18,"11":26,"12":26,"13":18,"14":18,"15":11,"16":11,"17":18,"18":18,"19":11,"20":11,"21":18,"22":18,"23":11,"24":11,"25":18,"26":18,"27":2,"28":2,"29":2,"30":2,"31":2,"32":2,"33":2,"34":18,"35":18,"36":9,"37":9,"38":9,"39":9,"40":9,"41":9,"42":9,"43":9,"44":18},"branchMap":{"0":{"type":"branch","line":3,"loc":{"start":{"line":3,"column":0},"end":{"line":45,"column":1}},"locations":[{"start":{"line":3,"column":0},"end":{"line":45,"column":1}}]},"1":{"type":"branch","line":11,"loc":{"start":{"line":11,"column":2},"end":{"line":13,"column":3}},"locations":[{"start":{"line":11,"column":2},"end":{"line":13,"column":3}}]},"2":{"type":"branch","line":15,"loc":{"start":{"line":15,"column":2},"end":{"line":17,"column":3}},"locations":[{"start":{"line":15,"column":2},"end":{"line":17,"column":3}}]},"3":{"type":"branch","line":19,"loc":{"start":{"line":19,"column":2},"end":{"line":21,"column":3}},"locations":[{"start":{"line":19,"column":2},"end":{"line":21,"column":3}}]},"4":{"type":"branch","line":23,"loc":{"start":{"line":23,"column":2},"end":{"line":25,"column":3}},"locations":[{"start":{"line":23,"column":2},"end":{"line":25,"column":3}}]},"5":{"type":"branch","line":27,"loc":{"start":{"line":27,"column":2},"end":{"line":34,"column":3}},"locations":[{"start":{"line":27,"column":2},"end":{"line":34,"column":3}}]},"6":{"type":"branch","line":36,"loc":{"start":{"line":36,"column":2},"end":{"line":44,"column":3}},"locations":[{"start":{"line":36,"column":2},"end":{"line":44,"column":3}}]}},"b":{"0":[18],"1":[26],"2":[11],"3":[11],"4":[11],"5":[2],"6":[9]},"fnMap":{"0":{"name":"BdhStatus","decl":{"start":{"line":3,"column":0},"end":{"line":45,"column":1}},"loc":{"start":{"line":3,"column":0},"end":{"line":45,"column":1}},"line":3},"1":{"name":"addFile","decl":{"start":{"line":11,"column":2},"end":{"line":13,"column":3}},"loc":{"start":{"line":11,"column":2},"end":{"line":13,"column":3}},"line":11},"2":{"name":"addError","decl":{"start":{"line":15,"column":2},"end":{"line":17,"column":3}},"loc":{"start":{"line":15,"column":2},"end":{"line":17,"column":3}},"line":15},"3":{"name":"addFileError","decl":{"start":{"line":19,"column":2},"end":{"line":21,"column":3}},"loc":{"start":{"line":19,"column":2},"end":{"line":21,"column":3}},"line":19},"4":{"name":"addScenario","decl":{"start":{"line":23,"column":2},"end":{"line":25,"column":3}},"loc":{"start":{"line":23,"column":2},"end":{"line":25,"column":3}},"line":23},"5":{"name":"merge","decl":{"start":{"line":27,"column":2},"end":{"line":34,"column":3}},"loc":{"start":{"line":27,"column":2},"end":{"line":34,"column":3}},"line":27},"6":{"name":"reset","decl":{"start":{"line":36,"column":2},"end":{"line":44,"column":3}},"loc":{"start":{"line":36,"column":2},"end":{"line":44,"column":3}},"line":36}},"f":{"0":18,"1":26,"2":11,"3":11,"4":11,"5":2,"6":9}}
,"/srv/homeassistant/bdh/src/__test__/samples.ts": {"path":"/srv/homeassistant/bdh/src/__test__/samples.ts","all":false,"statementMap":{"0":{"start":{"line":1,"column":0},"end":{"line":1,"column":25}},"1":{"start":{"line":2,"column":0},"end":{"line":2,"column":0}},"2":{"start":{"line":3,"column":0},"end":{"line":3,"column":50}},"3":{"start":{"line":4,"column":0},"end":{"line":4,"column":56}},"4":{"start":{"line":5,"column":0},"end":{"line":5,"column":1}},"5":{"start":{"line":6,"column":0},"end":{"line":6,"column":0}},"6":{"start":{"line":7,"column":0},"end":{"line":7,"column":29}},"7":{"start":{"line":8,"column":0},"end":{"line":8,"column":34}},"8":{"start":{"line":9,"column":0},"end":{"line":9,"column":2}},"9":{"start":{"line":10,"column":0},"end":{"line":10,"column":0}},"10":{"start":{"line":11,"column":0},"end":{"line":11,"column":31}},"11":{"start":{"line":12,"column":0},"end":{"line":12,"column":32}},"12":{"start":{"line":13,"column":0},"end":{"line":13,"column":0}},"13":{"start":{"line":14,"column":0},"end":{"line":14,"column":36}},"14":{"start":{"line":15,"column":0},"end":{"line":15,"column":28}},"15":{"start":{"line":16,"column":0},"end":{"line":16,"column":28}},"16":{"start":{"line":17,"column":0},"end":{"line":17,"column":46}},"17":{"start":{"line":18,"column":0},"end":{"line":18,"column":32}},"18":{"start":{"line":19,"column":0},"end":{"line":19,"column":27}},"19":{"start":{"line":20,"column":0},"end":{"line":20,"column":47}},"20":{"start":{"line":21,"column":0},"end":{"line":21,"column":33}},"21":{"start":{"line":22,"column":0},"end":{"line":22,"column":3}},"22":{"start":{"line":23,"column":0},"end":{"line":23,"column":0}},"23":{"start":{"line":24,"column":0},"end":{"line":24,"column":29}},"24":{"start":{"line":25,"column":0},"end":{"line":25,"column":34}},"25":{"start":{"line":26,"column":0},"end":{"line":26,"column":0}},"26":{"start":{"line":27,"column":0},"end":{"line":27,"column":38}},"27":{"start":{"line":28,"column":0},"end":{"line":28,"column":28}},"28":{"start":{"line":29,"column":0},"end":{"line":29,"column":28}},"29":{"start":{"line":30,"column":0},"end":{"line":30,"column":46}},"30":{"start":{"line":31,"column":0},"end":{"line":31,"column":32}},"31":{"start":{"line":32,"column":0},"end":{"line":32,"column":4}},"32":{"start":{"line":33,"column":0},"end":{"line":33,"column":25}},"33":{"start":{"line":34,"column":0},"end":{"line":34,"column":27}},"34":{"start":{"line":35,"column":0},"end":{"line":35,"column":47}},"35":{"start":{"line":36,"column":0},"end":{"line":36,"column":33}},"36":{"start":{"line":37,"column":0},"end":{"line":37,"column":2}},"37":{"start":{"line":38,"column":0},"end":{"line":38,"column":0}},"38":{"start":{"line":39,"column":0},"end":{"line":39,"column":30}},"39":{"start":{"line":40,"column":0},"end":{"line":40,"column":34}},"40":{"start":{"line":41,"column":0},"end":{"line":41,"column":0}},"41":{"start":{"line":42,"column":0},"end":{"line":42,"column":38}},"42":{"start":{"line":43,"column":0},"end":{"line":43,"column":4}},"43":{"start":{"line":44,"column":0},"end":{"line":44,"column":25}},"44":{"start":{"line":45,"column":0},"end":{"line":45,"column":27}},"45":{"start":{"line":46,"column":0},"end":{"line":46,"column":47}},"46":{"start":{"line":47,"column":0},"end":{"line":47,"column":33}},"47":{"start":{"line":48,"column":0},"end":{"line":48,"column":2}},"48":{"start":{"line":49,"column":0},"end":{"line":49,"column":0}},"49":{"start":{"line":50,"column":0},"end":{"line":50,"column":32}},"50":{"start":{"line":51,"column":0},"end":{"line":51,"column":34}},"51":{"start":{"line":52,"column":0},"end":{"line":52,"column":0}},"52":{"start":{"line":53,"column":0},"end":{"line":53,"column":38}},"53":{"start":{"line":54,"column":0},"end":{"line":54,"column":28}},"54":{"start":{"line":55,"column":0},"end":{"line":55,"column":46}},"55":{"start":{"line":56,"column":0},"end":{"line":56,"column":32}},"56":{"start":{"line":57,"column":0},"end":{"line":57,"column":4}},"57":{"start":{"line":58,"column":0},"end":{"line":58,"column":25}},"58":{"start":{"line":59,"column":0},"end":{"line":59,"column":27}},"59":{"start":{"line":60,"column":0},"end":{"line":60,"column":47}},"60":{"start":{"line":61,"column":0},"end":{"line":61,"column":33}},"61":{"start":{"line":62,"column":0},"end":{"line":62,"column":2}},"62":{"start":{"line":63,"column":0},"end":{"line":63,"column":0}},"63":{"start":{"line":64,"column":0},"end":{"line":64,"column":31}},"64":{"start":{"line":65,"column":0},"end":{"line":65,"column":34}},"65":{"start":{"line":66,"column":0},"end":{"line":66,"column":0}},"66":{"start":{"line":67,"column":0},"end":{"line":67,"column":38}},"67":{"start":{"line":68,"column":0},"end":{"line":68,"column":28}},"68":{"start":{"line":69,"column":0},"end":{"line":69,"column":46}},"69":{"start":{"line":70,"column":0},"end":{"line":70,"column":32}},"70":{"start":{"line":71,"column":0},"end":{"line":71,"column":4}},"71":{"start":{"line":72,"column":0},"end":{"line":72,"column":25}},"72":{"start":{"line":73,"column":0},"end":{"line":73,"column":27}},"73":{"start":{"line":74,"column":0},"end":{"line":74,"column":47}},"74":{"start":{"line":75,"column":0},"end":{"line":75,"column":33}},"75":{"start":{"line":76,"column":0},"end":{"line":76,"column":2}},"76":{"start":{"line":77,"column":0},"end":{"line":77,"column":0}},"77":{"start":{"line":78,"column":0},"end":{"line":78,"column":31}},"78":{"start":{"line":79,"column":0},"end":{"line":79,"column":34}},"79":{"start":{"line":80,"column":0},"end":{"line":80,"column":0}},"80":{"start":{"line":81,"column":0},"end":{"line":81,"column":38}},"81":{"start":{"line":82,"column":0},"end":{"line":82,"column":28}},"82":{"start":{"line":83,"column":0},"end":{"line":83,"column":28}},"83":{"start":{"line":84,"column":0},"end":{"line":84,"column":2}},"84":{"start":{"line":85,"column":0},"end":{"line":85,"column":25}},"85":{"start":{"line":86,"column":0},"end":{"line":86,"column":27}},"86":{"start":{"line":87,"column":0},"end":{"line":87,"column":47}},"87":{"start":{"line":88,"column":0},"end":{"line":88,"column":33}},"88":{"start":{"line":89,"column":0},"end":{"line":89,"column":2}},"89":{"start":{"line":90,"column":0},"end":{"line":90,"column":0}},"90":{"start":{"line":91,"column":0},"end":{"line":91,"column":29}},"91":{"start":{"line":92,"column":0},"end":{"line":92,"column":34}},"92":{"start":{"line":93,"column":0},"end":{"line":93,"column":0}},"93":{"start":{"line":94,"column":0},"end":{"line":94,"column":46}},"94":{"start":{"line":95,"column":0},"end":{"line":95,"column":44}},"95":{"start":{"line":96,"column":0},"end":{"line":96,"column":43}},"96":{"start":{"line":97,"column":0},"end":{"line":97,"column":61}},"97":{"start":{"line":98,"column":0},"end":{"line":98,"column":4}},"98":{"start":{"line":99,"column":0},"end":{"line":99,"column":4}},"99":{"start":{"line":100,"column":0},"end":{"line":100,"column":14}},"100":{"start":{"line":101,"column":0},"end":{"line":101,"column":53}},"101":{"start":{"line":102,"column":0},"end":{"line":102,"column":60}},"102":{"start":{"line":103,"column":0},"end":{"line":103,"column":60}},"103":{"start":{"line":104,"column":0},"end":{"line":104,"column":0}},"104":{"start":{"line":105,"column":0},"end":{"line":105,"column":2}},"105":{"start":{"line":106,"column":0},"end":{"line":106,"column":0}},"106":{"start":{"line":107,"column":0},"end":{"line":107,"column":30}},"107":{"start":{"line":108,"column":0},"end":{"line":108,"column":24}},"108":{"start":{"line":109,"column":0},"end":{"line":109,"column":0}},"109":{"start":{"line":110,"column":0},"end":{"line":110,"column":37}},"110":{"start":{"line":111,"column":0},"end":{"line":111,"column":69}},"111":{"start":{"line":112,"column":0},"end":{"line":112,"column":0}},"112":{"start":{"line":113,"column":0},"end":{"line":113,"column":0}},"113":{"start":{"line":114,"column":0},"end":{"line":114,"column":27}},"114":{"start":{"line":115,"column":0},"end":{"line":115,"column":0}},"115":{"start":{"line":116,"column":0},"end":{"line":116,"column":35}},"116":{"start":{"line":117,"column":0},"end":{"line":117,"column":28}},"117":{"start":{"line":118,"column":0},"end":{"line":118,"column":37}},"118":{"start":{"line":119,"column":0},"end":{"line":119,"column":0}},"119":{"start":{"line":120,"column":0},"end":{"line":120,"column":13}},"120":{"start":{"line":121,"column":0},"end":{"line":121,"column":0}},"121":{"start":{"line":122,"column":0},"end":{"line":122,"column":24}},"122":{"start":{"line":123,"column":0},"end":{"line":123,"column":24}},"123":{"start":{"line":124,"column":0},"end":{"line":124,"column":24}},"124":{"start":{"line":125,"column":0},"end":{"line":125,"column":24}},"125":{"start":{"line":126,"column":0},"end":{"line":126,"column":2}},"126":{"start":{"line":127,"column":0},"end":{"line":127,"column":0}},"127":{"start":{"line":128,"column":0},"end":{"line":128,"column":28}},"128":{"start":{"line":129,"column":0},"end":{"line":129,"column":15}},"129":{"start":{"line":130,"column":0},"end":{"line":130,"column":7}},"130":{"start":{"line":131,"column":0},"end":{"line":131,"column":7}},"131":{"start":{"line":132,"column":0},"end":{"line":132,"column":12}},"132":{"start":{"line":133,"column":0},"end":{"line":133,"column":2}},"133":{"start":{"line":134,"column":0},"end":{"line":134,"column":0}},"134":{"start":{"line":135,"column":0},"end":{"line":135,"column":26}},"135":{"start":{"line":136,"column":0},"end":{"line":136,"column":12}},"136":{"start":{"line":137,"column":0},"end":{"line":137,"column":7}},"137":{"start":{"line":138,"column":0},"end":{"line":138,"column":7}},"138":{"start":{"line":139,"column":0},"end":{"line":139,"column":8}},"139":{"start":{"line":140,"column":0},"end":{"line":140,"column":2}}},"s":{"0":1,"1":1,"2":1,"3":0,"4":0,"5":1,"6":1,"7":1,"8":1,"9":1,"10":1,"11":1,"12":1,"13":1,"14":1,"15":1,"16":1,"17":1,"18":1,"19":1,"20":1,"21":1,"22":1,"23":1,"24":1,"25":1,"26":1,"27":1,"28":1,"29":1,"30":1,"31":1,"32":1,"33":1,"34":1,"35":1,"36":1,"37":1,"38":1,"39":1,"40":1,"41":1,"42":1,"43":1,"44":1,"45":1,"46":1,"47":1,"48":1,"49":1,"50":1,"51":1,"52":1,"53":1,"54":1,"55":1,"56":1,"57":1,"58":1,"59":1,"60":1,"61":1,"62":1,"63":1,"64":1,"65":1,"66":1,"67":1,"68":1,"69":1,"70":1,"71":1,"72":1,"73":1,"74":1,"75":1,"76":1,"77":1,"78":1,"79":1,"80":1,"81":1,"82":1,"83":1,"84":1,"85":1,"86":1,"87":1,"88":1,"89":1,"90":1,"91":1,"92":1,"93":1,"94":1,"95":1,"96":1,"97":1,"98":1,"99":1,"100":1,"101":1,"102":1,"103":1,"104":1,"105":1,"106":1,"107":1,"108":1,"109":1,"110":1,"111":1,"112":1,"113":1,"114":1,"115":1,"116":1,"117":1,"118":1,"119":1,"120":1,"121":1,"122":1,"123":1,"124":1,"125":1,"126":1,"127":1,"128":1,"129":1,"130":1,"131":1,"132":1,"133":1,"134":1,"135":1,"136":1,"137":1,"138":1,"139":1},"branchMap":{},"b":{},"fnMap":{"0":{"name":"loadFeatureFile","decl":{"start":{"line":3,"column":31},"end":{"line":5,"column":1}},"loc":{"start":{"line":3,"column":31},"end":{"line":5,"column":1}},"line":3}},"f":{"0":0}}
,"/srv/homeassistant/bdh/src/cmds/cmds.ts": {"path":"/srv/homeassistant/bdh/src/cmds/cmds.ts","all":false,"statementMap":{"0":{"start":{"line":1,"column":0},"end":{"line":1,"column":0}},"1":{"start":{"line":2,"column":0},"end":{"line":2,"column":41}},"2":{"start":{"line":3,"column":0},"end":{"line":3,"column":36}},"3":{"start":{"line":4,"column":0},"end":{"line":4,"column":0}},"4":{"start":{"line":5,"column":0},"end":{"line":5,"column":40}},"5":{"start":{"line":6,"column":0},"end":{"line":6,"column":34}},"6":{"start":{"line":7,"column":0},"end":{"line":7,"column":0}},"7":{"start":{"line":8,"column":0},"end":{"line":8,"column":45}},"8":{"start":{"line":9,"column":0},"end":{"line":9,"column":32}},"9":{"start":{"line":10,"column":0},"end":{"line":10,"column":0}},"10":{"start":{"line":11,"column":0},"end":{"line":11,"column":29}},"11":{"start":{"line":12,"column":0},"end":{"line":12,"column":35}},"12":{"start":{"line":13,"column":0},"end":{"line":13,"column":43}},"13":{"start":{"line":14,"column":0},"end":{"line":14,"column":0}},"14":{"start":{"line":15,"column":0},"end":{"line":15,"column":33}},"15":{"start":{"line":16,"column":0},"end":{"line":16,"column":0}},"16":{"start":{"line":17,"column":0},"end":{"line":17,"column":34}},"17":{"start":{"line":18,"column":0},"end":{"line":18,"column":31}},"18":{"start":{"line":19,"column":0},"end":{"line":19,"column":0}},"19":{"start":{"line":20,"column":0},"end":{"line":20,"column":17}},"20":{"start":{"line":21,"column":0},"end":{"line":21,"column":1}}},"s":{"0":1,"1":1,"2":1,"3":1,"4":1,"5":1,"6":1,"7":1,"8":4,"9":4,"10":4,"11":4,"12":4,"13":4,"14":4,"15":4,"16":4,"17":4,"18":4,"19":4,"20":4},"branchMap":{"0":{"type":"branch","line":8,"loc":{"start":{"line":8,"column":29},"end":{"line":21,"column":1}},"locations":[{"start":{"line":8,"column":29},"end":{"line":21,"column":1}}]}},"b":{"0":[4]},"fnMap":{"0":{"name":"createProgram","decl":{"start":{"line":8,"column":29},"end":{"line":21,"column":1}},"loc":{"start":{"line":8,"column":29},"end":{"line":21,"column":1}},"line":8}},"f":{"0":4}}
,"/srv/homeassistant/bdh/src/cmds/dumper.ts": {"path":"/srv/homeassistant/bdh/src/cmds/dumper.ts","all":false,"statementMap":{"0":{"start":{"line":1,"column":0},"end":{"line":1,"column":30}},"1":{"start":{"line":2,"column":0},"end":{"line":2,"column":26}},"2":{"start":{"line":3,"column":0},"end":{"line":3,"column":31}},"3":{"start":{"line":4,"column":0},"end":{"line":4,"column":0}},"4":{"start":{"line":5,"column":0},"end":{"line":5,"column":37}},"5":{"start":{"line":6,"column":0},"end":{"line":6,"column":0}},"6":{"start":{"line":7,"column":0},"end":{"line":7,"column":109}},"7":{"start":{"line":8,"column":0},"end":{"line":8,"column":0}},"8":{"start":{"line":9,"column":0},"end":{"line":9,"column":33}},"9":{"start":{"line":10,"column":0},"end":{"line":10,"column":0}},"10":{"start":{"line":11,"column":0},"end":{"line":11,"column":31}},"11":{"start":{"line":12,"column":0},"end":{"line":12,"column":0}},"12":{"start":{"line":13,"column":0},"end":{"line":13,"column":25}},"13":{"start":{"line":14,"column":0},"end":{"line":14,"column":0}},"14":{"start":{"line":15,"column":0},"end":{"line":15,"column":39}},"15":{"start":{"line":16,"column":0},"end":{"line":16,"column":21}},"16":{"start":{"line":17,"column":0},"end":{"line":17,"column":5}},"17":{"start":{"line":18,"column":0},"end":{"line":18,"column":0}},"18":{"start":{"line":19,"column":0},"end":{"line":19,"column":42}},"19":{"start":{"line":20,"column":0},"end":{"line":20,"column":0}},"20":{"start":{"line":21,"column":0},"end":{"line":21,"column":21}},"21":{"start":{"line":22,"column":0},"end":{"line":22,"column":87}},"22":{"start":{"line":23,"column":0},"end":{"line":23,"column":135}},"23":{"start":{"line":24,"column":0},"end":{"line":24,"column":59}},"24":{"start":{"line":25,"column":0},"end":{"line":25,"column":2}},"25":{"start":{"line":26,"column":0},"end":{"line":26,"column":64}},"26":{"start":{"line":27,"column":0},"end":{"line":27,"column":14}},"27":{"start":{"line":28,"column":0},"end":{"line":28,"column":26}},"28":{"start":{"line":29,"column":0},"end":{"line":29,"column":30}},"29":{"start":{"line":30,"column":0},"end":{"line":30,"column":106}},"30":{"start":{"line":31,"column":0},"end":{"line":31,"column":7}},"31":{"start":{"line":32,"column":0},"end":{"line":32,"column":12}},"32":{"start":{"line":33,"column":0},"end":{"line":33,"column":23}},"33":{"start":{"line":34,"column":0},"end":{"line":34,"column":0}},"34":{"start":{"line":35,"column":0},"end":{"line":35,"column":61}},"35":{"start":{"line":36,"column":0},"end":{"line":36,"column":6}},"36":{"start":{"line":37,"column":0},"end":{"line":37,"column":11}},"37":{"start":{"line":38,"column":0},"end":{"line":38,"column":34}},"38":{"start":{"line":39,"column":0},"end":{"line":39,"column":51}},"39":{"start":{"line":40,"column":0},"end":{"line":40,"column":20}},"40":{"start":{"line":41,"column":0},"end":{"line":41,"column":26}},"41":{"start":{"line":42,"column":0},"end":{"line":42,"column":30}},"42":{"start":{"line":43,"column":0},"end":{"line":43,"column":54}},"43":{"start":{"line":44,"column":0},"end":{"line":44,"column":7}},"44":{"start":{"line":45,"column":0},"end":{"line":45,"column":5}},"45":{"start":{"line":46,"column":0},"end":{"line":46,"column":5}},"46":{"start":{"line":47,"column":0},"end":{"line":47,"column":0}},"47":{"start":{"line":48,"column":0},"end":{"line":48,"column":16}},"48":{"start":{"line":49,"column":0},"end":{"line":49,"column":1}}},"s":{"0":1,"1":1,"2":1,"3":1,"4":1,"5":1,"6":1,"7":5,"8":5,"9":5,"10":5,"11":5,"12":5,"13":8,"14":8,"15":1,"16":1,"17":8,"18":8,"19":3,"20":3,"21":2,"22":4,"23":2,"24":2,"25":2,"26":3,"27":1,"28":1,"29":1,"30":1,"31":8,"32":4,"33":4,"34":4,"35":4,"36":4,"37":4,"38":4,"39":4,"40":2,"41":2,"42":2,"43":2,"44":4,"45":5,"46":5,"47":5,"48":5},"branchMap":{"0":{"type":"branch","line":7,"loc":{"start":{"line":7,"column":22},"end":{"line":49,"column":1}},"locations":[{"start":{"line":7,"column":22},"end":{"line":49,"column":1}}]},"1":{"type":"branch","line":13,"loc":{"start":{"line":13,"column":16},"end":{"line":46,"column":3}},"locations":[{"start":{"line":13,"column":16},"end":{"line":46,"column":3}}]},"2":{"type":"branch","line":15,"loc":{"start":{"line":15,"column":38},"end":{"line":17,"column":5}},"locations":[{"start":{"line":15,"column":38},"end":{"line":17,"column":5}}]},"3":{"type":"branch","line":19,"loc":{"start":{"line":19,"column":41},"end":{"line":32,"column":11}},"locations":[{"start":{"line":19,"column":41},"end":{"line":32,"column":11}}]},"4":{"type":"branch","line":21,"loc":{"start":{"line":21,"column":20},"end":{"line":27,"column":13}},"locations":[{"start":{"line":21,"column":20},"end":{"line":27,"column":13}}]},"5":{"type":"branch","line":27,"loc":{"start":{"line":27,"column":7},"end":{"line":31,"column":7}},"locations":[{"start":{"line":27,"column":7},"end":{"line":31,"column":7}}]},"6":{"type":"branch","line":32,"loc":{"start":{"line":32,"column":5},"end":{"line":45,"column":5}},"locations":[{"start":{"line":32,"column":5},"end":{"line":45,"column":5}}]},"7":{"type":"branch","line":40,"loc":{"start":{"line":40,"column":7},"end":{"line":44,"column":7}},"locations":[{"start":{"line":40,"column":7},"end":{"line":44,"column":7}}]},"8":{"type":"branch","line":22,"loc":{"start":{"line":22,"column":78},"end":{"line":24,"column":11}},"locations":[{"start":{"line":22,"column":78},"end":{"line":24,"column":11}}]},"9":{"type":"branch","line":23,"loc":{"start":{"line":23,"column":38},"end":{"line":23,"column":75}},"locations":[{"start":{"line":23,"column":38},"end":{"line":23,"column":75}}]},"10":{"type":"branch","line":23,"loc":{"start":{"line":23,"column":76},"end":{"line":23,"column":134}},"locations":[{"start":{"line":23,"column":76},"end":{"line":23,"column":134}}]},"11":{"type":"branch","line":23,"loc":{"start":{"line":23,"column":100},"end":{"line":23,"column":133}},"locations":[{"start":{"line":23,"column":100},"end":{"line":23,"column":133}}]},"12":{"type":"branch","line":24,"loc":{"start":{"line":24,"column":17},"end":{"line":24,"column":57}},"locations":[{"start":{"line":24,"column":17},"end":{"line":24,"column":57}}]}},"b":{"0":[5],"1":[8],"2":[1],"3":[3],"4":[2],"5":[1],"6":[4],"7":[2],"8":[4],"9":[2],"10":[3],"11":[2],"12":[3]},"fnMap":{"0":{"name":"dumper","decl":{"start":{"line":7,"column":22},"end":{"line":49,"column":1}},"loc":{"start":{"line":7,"column":22},"end":{"line":49,"column":1}},"line":7}},"f":{"0":5}}
,"/srv/homeassistant/bdh/src/cmds/gherkin.ts": {"path":"/srv/homeassistant/bdh/src/cmds/gherkin.ts","all":false,"statementMap":{"0":{"start":{"line":1,"column":0},"end":{"line":1,"column":31}},"1":{"start":{"line":2,"column":0},"end":{"line":2,"column":0}},"2":{"start":{"line":3,"column":0},"end":{"line":3,"column":36}},"3":{"start":{"line":4,"column":0},"end":{"line":4,"column":49}},"4":{"start":{"line":5,"column":0},"end":{"line":5,"column":34}},"5":{"start":{"line":6,"column":0},"end":{"line":6,"column":0}},"6":{"start":{"line":7,"column":0},"end":{"line":7,"column":50}},"7":{"start":{"line":8,"column":0},"end":{"line":8,"column":9}},"8":{"start":{"line":9,"column":0},"end":{"line":9,"column":23}},"9":{"start":{"line":10,"column":0},"end":{"line":10,"column":27}},"10":{"start":{"line":11,"column":0},"end":{"line":11,"column":62}},"11":{"start":{"line":12,"column":0},"end":{"line":12,"column":48}},"12":{"start":{"line":13,"column":0},"end":{"line":13,"column":0}},"13":{"start":{"line":14,"column":0},"end":{"line":14,"column":55}},"14":{"start":{"line":15,"column":0},"end":{"line":15,"column":0}},"15":{"start":{"line":16,"column":0},"end":{"line":16,"column":134}},"16":{"start":{"line":17,"column":0},"end":{"line":17,"column":0}},"17":{"start":{"line":18,"column":0},"end":{"line":18,"column":36}},"18":{"start":{"line":19,"column":0},"end":{"line":19,"column":80}},"19":{"start":{"line":20,"column":0},"end":{"line":20,"column":7}},"20":{"start":{"line":21,"column":0},"end":{"line":21,"column":0}},"21":{"start":{"line":22,"column":0},"end":{"line":22,"column":7}},"22":{"start":{"line":23,"column":0},"end":{"line":23,"column":0}},"23":{"start":{"line":24,"column":0},"end":{"line":24,"column":1}}},"s":{"0":1,"1":1,"2":1,"3":1,"4":1,"5":1,"6":1,"7":4,"8":4,"9":4,"10":4,"11":4,"12":2,"13":2,"14":2,"15":2,"16":2,"17":2,"18":1,"19":1,"20":2,"21":4,"22":4,"23":4},"branchMap":{"0":{"type":"branch","line":7,"loc":{"start":{"line":7,"column":27},"end":{"line":24,"column":1}},"locations":[{"start":{"line":7,"column":27},"end":{"line":24,"column":1}}]},"1":{"type":"branch","line":12,"loc":{"start":{"line":12,"column":12},"end":{"line":22,"column":5}},"locations":[{"start":{"line":12,"column":12},"end":{"line":22,"column":5}}]},"2":{"type":"branch","line":16,"loc":{"start":{"line":16,"column":39},"end":{"line":16,"column":48}},"locations":[{"start":{"line":16,"column":39},"end":{"line":16,"column":48}}]},"3":{"type":"branch","line":16,"loc":{"start":{"line":16,"column":49},"end":{"line":16,"column":57}},"locations":[{"start":{"line":16,"column":49},"end":{"line":16,"column":57}}]},"4":{"type":"branch","line":18,"loc":{"start":{"line":18,"column":35},"end":{"line":20,"column":7}},"locations":[{"start":{"line":18,"column":35},"end":{"line":20,"column":7}}]}},"b":{"0":[4],"1":[2],"2":[1],"3":[1],"4":[1]},"fnMap":{"0":{"name":"initCommand","decl":{"start":{"line":7,"column":27},"end":{"line":24,"column":1}},"loc":{"start":{"line":7,"column":27},"end":{"line":24,"column":1}},"line":7}},"f":{"0":4}}
,"/srv/homeassistant/bdh/src/cmds/yaml.ts": {"path":"/srv/homeassistant/bdh/src/cmds/yaml.ts","all":false,"statementMap":{"0":{"start":{"line":1,"column":0},"end":{"line":1,"column":0}},"1":{"start":{"line":2,"column":0},"end":{"line":2,"column":31}},"2":{"start":{"line":3,"column":0},"end":{"line":3,"column":0}},"3":{"start":{"line":4,"column":0},"end":{"line":4,"column":36}},"4":{"start":{"line":5,"column":0},"end":{"line":5,"column":43}},"5":{"start":{"line":6,"column":0},"end":{"line":6,"column":34}},"6":{"start":{"line":7,"column":0},"end":{"line":7,"column":0}},"7":{"start":{"line":8,"column":0},"end":{"line":8,"column":51}},"8":{"start":{"line":9,"column":0},"end":{"line":9,"column":9}},"9":{"start":{"line":10,"column":0},"end":{"line":10,"column":20}},"10":{"start":{"line":11,"column":0},"end":{"line":11,"column":27}},"11":{"start":{"line":12,"column":0},"end":{"line":12,"column":62}},"12":{"start":{"line":13,"column":0},"end":{"line":13,"column":48}},"13":{"start":{"line":14,"column":0},"end":{"line":14,"column":0}},"14":{"start":{"line":15,"column":0},"end":{"line":15,"column":50}},"15":{"start":{"line":16,"column":0},"end":{"line":16,"column":4}},"16":{"start":{"line":17,"column":0},"end":{"line":17,"column":132}},"17":{"start":{"line":18,"column":0},"end":{"line":18,"column":0}},"18":{"start":{"line":19,"column":0},"end":{"line":19,"column":34}},"19":{"start":{"line":20,"column":0},"end":{"line":20,"column":78}},"20":{"start":{"line":21,"column":0},"end":{"line":21,"column":5}},"21":{"start":{"line":22,"column":0},"end":{"line":22,"column":5}},"22":{"start":{"line":23,"column":0},"end":{"line":23,"column":0}},"23":{"start":{"line":24,"column":0},"end":{"line":24,"column":1}}},"s":{"0":1,"1":1,"2":1,"3":1,"4":1,"5":1,"6":1,"7":1,"8":4,"9":4,"10":4,"11":4,"12":4,"13":2,"14":2,"15":2,"16":2,"17":2,"18":2,"19":1,"20":1,"21":4,"22":4,"23":4},"branchMap":{"0":{"type":"branch","line":8,"loc":{"start":{"line":8,"column":27},"end":{"line":24,"column":1}},"locations":[{"start":{"line":8,"column":27},"end":{"line":24,"column":1}}]},"1":{"type":"branch","line":13,"loc":{"start":{"line":13,"column":12},"end":{"line":22,"column":3}},"locations":[{"start":{"line":13,"column":12},"end":{"line":22,"column":3}}]},"2":{"type":"branch","line":17,"loc":{"start":{"line":17,"column":37},"end":{"line":17,"column":46}},"locations":[{"start":{"line":17,"column":37},"end":{"line":17,"column":46}}]},"3":{"type":"branch","line":17,"loc":{"start":{"line":17,"column":47},"end":{"line":17,"column":55}},"locations":[{"start":{"line":17,"column":47},"end":{"line":17,"column":55}}]},"4":{"type":"branch","line":19,"loc":{"start":{"line":19,"column":33},"end":{"line":21,"column":5}},"locations":[{"start":{"line":19,"column":33},"end":{"line":21,"column":5}}]}},"b":{"0":[4],"1":[2],"2":[1],"3":[1],"4":[1]},"fnMap":{"0":{"name":"initCommand","decl":{"start":{"line":8,"column":27},"end":{"line":24,"column":1}},"loc":{"start":{"line":8,"column":27},"end":{"line":24,"column":1}},"line":8}},"f":{"0":4}}
,"/srv/homeassistant/bdh/src/loaders/gherkin.ts": {"path":"/srv/homeassistant/bdh/src/loaders/gherkin.ts","all":false,"statementMap":{"0":{"start":{"line":1,"column":0},"end":{"line":1,"column":46}},"1":{"start":{"line":2,"column":0},"end":{"line":2,"column":48}},"2":{"start":{"line":3,"column":0},"end":{"line":3,"column":30}},"3":{"start":{"line":4,"column":0},"end":{"line":4,"column":0}},"4":{"start":{"line":5,"column":0},"end":{"line":5,"column":24}},"5":{"start":{"line":6,"column":0},"end":{"line":6,"column":0}},"6":{"start":{"line":7,"column":0},"end":{"line":7,"column":53}},"7":{"start":{"line":8,"column":0},"end":{"line":8,"column":26}},"8":{"start":{"line":9,"column":0},"end":{"line":9,"column":7}},"9":{"start":{"line":10,"column":0},"end":{"line":10,"column":54}},"10":{"start":{"line":11,"column":0},"end":{"line":11,"column":16}},"11":{"start":{"line":12,"column":0},"end":{"line":12,"column":78}},"12":{"start":{"line":13,"column":0},"end":{"line":13,"column":3}},"13":{"start":{"line":14,"column":0},"end":{"line":14,"column":0}},"14":{"start":{"line":15,"column":0},"end":{"line":15,"column":88}},"15":{"start":{"line":16,"column":0},"end":{"line":16,"column":1}},"16":{"start":{"line":17,"column":0},"end":{"line":17,"column":0}},"17":{"start":{"line":18,"column":0},"end":{"line":18,"column":72}},"18":{"start":{"line":19,"column":0},"end":{"line":19,"column":0}},"19":{"start":{"line":20,"column":0},"end":{"line":20,"column":44}},"20":{"start":{"line":21,"column":0},"end":{"line":21,"column":48}},"21":{"start":{"line":22,"column":0},"end":{"line":22,"column":116}},"22":{"start":{"line":23,"column":0},"end":{"line":23,"column":54}},"23":{"start":{"line":24,"column":0},"end":{"line":24,"column":0}},"24":{"start":{"line":25,"column":0},"end":{"line":25,"column":14}},"25":{"start":{"line":26,"column":0},"end":{"line":26,"column":7}},"26":{"start":{"line":27,"column":0},"end":{"line":27,"column":40}},"27":{"start":{"line":28,"column":0},"end":{"line":28,"column":16}},"28":{"start":{"line":29,"column":0},"end":{"line":29,"column":37}},"29":{"start":{"line":30,"column":0},"end":{"line":30,"column":67}},"30":{"start":{"line":31,"column":0},"end":{"line":31,"column":3}},"31":{"start":{"line":32,"column":0},"end":{"line":32,"column":0}},"32":{"start":{"line":33,"column":0},"end":{"line":33,"column":128}},"33":{"start":{"line":34,"column":0},"end":{"line":34,"column":64}},"34":{"start":{"line":35,"column":0},"end":{"line":35,"column":3}},"35":{"start":{"line":36,"column":0},"end":{"line":36,"column":0}},"36":{"start":{"line":37,"column":0},"end":{"line":37,"column":17}},"37":{"start":{"line":38,"column":0},"end":{"line":38,"column":0}},"38":{"start":{"line":39,"column":0},"end":{"line":39,"column":1}}},"s":{"0":1,"1":1,"2":1,"3":1,"4":1,"5":1,"6":1,"7":5,"8":5,"9":5,"10":5,"11":1,"12":1,"13":4,"14":4,"15":4,"16":1,"17":1,"18":11,"19":11,"20":11,"21":11,"22":11,"23":11,"24":11,"25":11,"26":11,"27":11,"28":1,"29":1,"30":1,"31":11,"32":11,"33":1,"34":1,"35":9,"36":9,"37":9,"38":9},"branchMap":{"0":{"type":"branch","line":7,"loc":{"start":{"line":7,"column":27},"end":{"line":16,"column":1}},"locations":[{"start":{"line":7,"column":27},"end":{"line":16,"column":1}}]},"1":{"type":"branch","line":11,"loc":{"start":{"line":11,"column":3},"end":{"line":11,"column":10}},"locations":[{"start":{"line":11,"column":3},"end":{"line":11,"column":10}}]},"2":{"type":"branch","line":11,"loc":{"start":{"line":11,"column":4},"end":{"line":13,"column":3}},"locations":[{"start":{"line":11,"column":4},"end":{"line":13,"column":3}}]},"3":{"type":"branch","line":14,"loc":{"start":{"line":14,"column":-1},"end":{"line":16,"column":1}},"locations":[{"start":{"line":14,"column":-1},"end":{"line":16,"column":1}}]},"4":{"type":"branch","line":18,"loc":{"start":{"line":18,"column":28},"end":{"line":39,"column":1}},"locations":[{"start":{"line":18,"column":28},"end":{"line":39,"column":1}}]},"5":{"type":"branch","line":22,"loc":{"start":{"line":22,"column":27},"end":{"line":22,"column":72}},"locations":[{"start":{"line":22,"column":27},"end":{"line":22,"column":72}}]},"6":{"type":"branch","line":22,"loc":{"start":{"line":22,"column":73},"end":{"line":22,"column":115}},"locations":[{"start":{"line":22,"column":73},"end":{"line":22,"column":115}}]},"7":{"type":"branch","line":28,"loc":{"start":{"line":28,"column":3},"end":{"line":28,"column":10}},"locations":[{"start":{"line":28,"column":3},"end":{"line":28,"column":10}}]},"8":{"type":"branch","line":28,"loc":{"start":{"line":28,"column":4},"end":{"line":31,"column":3}},"locations":[{"start":{"line":28,"column":4},"end":{"line":31,"column":3}}]},"9":{"type":"branch","line":33,"loc":{"start":{"line":33,"column":35},"end":{"line":33,"column":37}},"locations":[{"start":{"line":33,"column":35},"end":{"line":33,"column":37}}]},"10":{"type":"branch","line":33,"loc":{"start":{"line":33,"column":35},"end":{"line":33,"column":45}},"locations":[{"start":{"line":33,"column":35},"end":{"line":33,"column":45}}]},"11":{"type":"branch","line":33,"loc":{"start":{"line":33,"column":46},"end":{"line":33,"column":125}},"locations":[{"start":{"line":33,"column":46},"end":{"line":33,"column":125}}]},"12":{"type":"branch","line":33,"loc":{"start":{"line":33,"column":65},"end":{"line":33,"column":67}},"locations":[{"start":{"line":33,"column":65},"end":{"line":33,"column":67}}]},"13":{"type":"branch","line":33,"loc":{"start":{"line":33,"column":127},"end":{"line":35,"column":3}},"locations":[{"start":{"line":33,"column":127},"end":{"line":35,"column":3}}]},"14":{"type":"branch","line":36,"loc":{"start":{"line":36,"column":-1},"end":{"line":39,"column":1}},"locations":[{"start":{"line":36,"column":-1},"end":{"line":39,"column":1}}]},"15":{"type":"branch","line":33,"loc":{"start":{"line":33,"column":81},"end":{"line":33,"column":116}},"locations":[{"start":{"line":33,"column":81},"end":{"line":33,"column":116}}]}},"b":{"0":[5],"1":[4],"2":[1],"3":[4],"4":[11],"5":[1],"6":[10],"7":[10],"8":[1],"9":[0],"10":[10],"11":[10],"12":[0],"13":[1],"14":[9],"15":[9]},"fnMap":{"0":{"name":"loadGherkin","decl":{"start":{"line":7,"column":27},"end":{"line":16,"column":1}},"loc":{"start":{"line":7,"column":27},"end":{"line":16,"column":1}},"line":7},"1":{"name":"parseGherkin","decl":{"start":{"line":18,"column":28},"end":{"line":39,"column":1}},"loc":{"start":{"line":18,"column":28},"end":{"line":39,"column":1}},"line":18}},"f":{"0":5,"1":11}}
,"/srv/homeassistant/bdh/src/loaders/yaml.ts": {"path":"/srv/homeassistant/bdh/src/loaders/yaml.ts","all":false,"statementMap":{"0":{"start":{"line":1,"column":0},"end":{"line":1,"column":0}},"1":{"start":{"line":2,"column":0},"end":{"line":2,"column":24}},"2":{"start":{"line":3,"column":0},"end":{"line":3,"column":29}},"3":{"start":{"line":4,"column":0},"end":{"line":4,"column":0}},"4":{"start":{"line":5,"column":0},"end":{"line":5,"column":0}},"5":{"start":{"line":6,"column":0},"end":{"line":6,"column":47}},"6":{"start":{"line":7,"column":0},"end":{"line":7,"column":13}},"7":{"start":{"line":8,"column":0},"end":{"line":8,"column":11}},"8":{"start":{"line":9,"column":0},"end":{"line":9,"column":0}},"9":{"start":{"line":10,"column":0},"end":{"line":10,"column":7}},"10":{"start":{"line":11,"column":0},"end":{"line":11,"column":46}},"11":{"start":{"line":12,"column":0},"end":{"line":12,"column":16}},"12":{"start":{"line":13,"column":0},"end":{"line":13,"column":70}},"13":{"start":{"line":14,"column":0},"end":{"line":14,"column":3}},"14":{"start":{"line":15,"column":0},"end":{"line":15,"column":0}},"15":{"start":{"line":16,"column":0},"end":{"line":16,"column":7}},"16":{"start":{"line":17,"column":0},"end":{"line":17,"column":30}},"17":{"start":{"line":18,"column":0},"end":{"line":18,"column":16}},"18":{"start":{"line":19,"column":0},"end":{"line":19,"column":75}},"19":{"start":{"line":20,"column":0},"end":{"line":20,"column":3}},"20":{"start":{"line":21,"column":0},"end":{"line":21,"column":0}},"21":{"start":{"line":22,"column":0},"end":{"line":22,"column":14}},"22":{"start":{"line":23,"column":0},"end":{"line":23,"column":1}}},"s":{"0":1,"1":1,"2":1,"3":1,"4":1,"5":1,"6":3,"7":3,"8":3,"9":3,"10":3,"11":3,"12":1,"13":1,"14":3,"15":3,"16":3,"17":3,"18":1,"19":1,"20":1,"21":1,"22":1},"branchMap":{"0":{"type":"branch","line":6,"loc":{"start":{"line":6,"column":24},"end":{"line":23,"column":1}},"locations":[{"start":{"line":6,"column":24},"end":{"line":23,"column":1}}]},"1":{"type":"branch","line":12,"loc":{"start":{"line":12,"column":3},"end":{"line":12,"column":10}},"locations":[{"start":{"line":12,"column":3},"end":{"line":12,"column":10}}]},"2":{"type":"branch","line":12,"loc":{"start":{"line":12,"column":4},"end":{"line":14,"column":3}},"locations":[{"start":{"line":12,"column":4},"end":{"line":14,"column":3}}]},"3":{"type":"branch","line":18,"loc":{"start":{"line":18,"column":3},"end":{"line":23,"column":1}},"locations":[{"start":{"line":18,"column":3},"end":{"line":23,"column":1}}]}},"b":{"0":[3],"1":[2],"2":[1],"3":[1]},"fnMap":{"0":{"name":"loadYaml","decl":{"start":{"line":6,"column":24},"end":{"line":23,"column":1}},"loc":{"start":{"line":6,"column":24},"end":{"line":23,"column":1}},"line":6}},"f":{"0":3}}
,"/srv/homeassistant/bdh/src/translators/automation-translator.ts": {"path":"/srv/homeassistant/bdh/src/translators/automation-translator.ts","all":true,"statementMap":{"0":{"start":{"line":1,"column":0},"end":{"line":1,"column":42}},"1":{"start":{"line":2,"column":0},"end":{"line":2,"column":58}},"2":{"start":{"line":3,"column":0},"end":{"line":3,"column":0}},"3":{"start":{"line":4,"column":0},"end":{"line":4,"column":0}},"4":{"start":{"line":5,"column":0},"end":{"line":5,"column":18}},"5":{"start":{"line":6,"column":0},"end":{"line":6,"column":23}},"6":{"start":{"line":7,"column":0},"end":{"line":7,"column":33}},"7":{"start":{"line":8,"column":0},"end":{"line":8,"column":31}},"8":{"start":{"line":9,"column":0},"end":{"line":9,"column":30}},"9":{"start":{"line":10,"column":0},"end":{"line":10,"column":0}},"10":{"start":{"line":11,"column":0},"end":{"line":11,"column":30}},"11":{"start":{"line":12,"column":0},"end":{"line":12,"column":29}},"12":{"start":{"line":13,"column":0},"end":{"line":13,"column":3}},"13":{"start":{"line":14,"column":0},"end":{"line":14,"column":1}},"14":{"start":{"line":15,"column":0},"end":{"line":15,"column":0}},"15":{"start":{"line":16,"column":0},"end":{"line":16,"column":58}},"16":{"start":{"line":17,"column":0},"end":{"line":17,"column":29}},"17":{"start":{"line":18,"column":0},"end":{"line":18,"column":40}},"18":{"start":{"line":19,"column":0},"end":{"line":19,"column":0}},"19":{"start":{"line":20,"column":0},"end":{"line":20,"column":34}},"20":{"start":{"line":21,"column":0},"end":{"line":21,"column":36}},"21":{"start":{"line":22,"column":0},"end":{"line":22,"column":89}},"22":{"start":{"line":23,"column":0},"end":{"line":23,"column":54}},"23":{"start":{"line":24,"column":0},"end":{"line":24,"column":93}},"24":{"start":{"line":25,"column":0},"end":{"line":25,"column":3}},"25":{"start":{"line":26,"column":0},"end":{"line":26,"column":0}},"26":{"start":{"line":27,"column":0},"end":{"line":27,"column":36}},"27":{"start":{"line":28,"column":0},"end":{"line":28,"column":54}},"28":{"start":{"line":29,"column":0},"end":{"line":29,"column":68}},"29":{"start":{"line":30,"column":0},"end":{"line":30,"column":55}},"30":{"start":{"line":31,"column":0},"end":{"line":31,"column":68}},"31":{"start":{"line":32,"column":0},"end":{"line":32,"column":39}},"32":{"start":{"line":33,"column":0},"end":{"line":33,"column":74}},"33":{"start":{"line":34,"column":0},"end":{"line":34,"column":132}},"34":{"start":{"line":35,"column":0},"end":{"line":35,"column":3}},"35":{"start":{"line":36,"column":0},"end":{"line":36,"column":0}},"36":{"start":{"line":37,"column":0},"end":{"line":37,"column":44}},"37":{"start":{"line":38,"column":0},"end":{"line":38,"column":0}},"38":{"start":{"line":39,"column":0},"end":{"line":39,"column":71}},"39":{"start":{"line":40,"column":0},"end":{"line":40,"column":0}},"40":{"start":{"line":41,"column":0},"end":{"line":41,"column":87}},"41":{"start":{"line":42,"column":0},"end":{"line":42,"column":0}},"42":{"start":{"line":43,"column":0},"end":{"line":43,"column":18}},"43":{"start":{"line":44,"column":0},"end":{"line":44,"column":41}},"44":{"start":{"line":45,"column":0},"end":{"line":45,"column":8}},"45":{"start":{"line":46,"column":0},"end":{"line":46,"column":0}},"46":{"start":{"line":47,"column":0},"end":{"line":47,"column":43}},"47":{"start":{"line":48,"column":0},"end":{"line":48,"column":77}},"48":{"start":{"line":49,"column":0},"end":{"line":49,"column":63}},"49":{"start":{"line":50,"column":0},"end":{"line":50,"column":53}},"50":{"start":{"line":51,"column":0},"end":{"line":51,"column":70}},"51":{"start":{"line":52,"column":0},"end":{"line":52,"column":3}},"52":{"start":{"line":53,"column":0},"end":{"line":53,"column":0}},"53":{"start":{"line":54,"column":0},"end":{"line":54,"column":43}},"54":{"start":{"line":55,"column":0},"end":{"line":55,"column":0}},"55":{"start":{"line":56,"column":0},"end":{"line":56,"column":71}},"56":{"start":{"line":57,"column":0},"end":{"line":57,"column":0}},"57":{"start":{"line":58,"column":0},"end":{"line":58,"column":54}},"58":{"start":{"line":59,"column":0},"end":{"line":59,"column":86}},"59":{"start":{"line":60,"column":0},"end":{"line":60,"column":12}},"60":{"start":{"line":61,"column":0},"end":{"line":61,"column":87}},"61":{"start":{"line":62,"column":0},"end":{"line":62,"column":5}},"62":{"start":{"line":63,"column":0},"end":{"line":63,"column":18}},"63":{"start":{"line":64,"column":0},"end":{"line":64,"column":40}},"64":{"start":{"line":65,"column":0},"end":{"line":65,"column":8}},"65":{"start":{"line":66,"column":0},"end":{"line":66,"column":0}},"66":{"start":{"line":67,"column":0},"end":{"line":67,"column":52}},"67":{"start":{"line":68,"column":0},"end":{"line":68,"column":2}},"68":{"start":{"line":69,"column":0},"end":{"line":69,"column":20}},"69":{"start":{"line":70,"column":0},"end":{"line":70,"column":70}},"70":{"start":{"line":71,"column":0},"end":{"line":71,"column":73}},"71":{"start":{"line":72,"column":0},"end":{"line":72,"column":10}},"72":{"start":{"line":73,"column":0},"end":{"line":73,"column":2}},"73":{"start":{"line":74,"column":0},"end":{"line":74,"column":59}},"74":{"start":{"line":75,"column":0},"end":{"line":75,"column":52}},"75":{"start":{"line":76,"column":0},"end":{"line":76,"column":78}},"76":{"start":{"line":77,"column":0},"end":{"line":77,"column":11}},"77":{"start":{"line":78,"column":0},"end":{"line":78,"column":2}},"78":{"start":{"line":79,"column":0},"end":{"line":79,"column":22}},"79":{"start":{"line":80,"column":0},"end":{"line":80,"column":27}},"80":{"start":{"line":81,"column":0},"end":{"line":81,"column":73}},"81":{"start":{"line":82,"column":0},"end":{"line":82,"column":74}},"82":{"start":{"line":83,"column":0},"end":{"line":83,"column":21}},"83":{"start":{"line":84,"column":0},"end":{"line":84,"column":14}},"84":{"start":{"line":85,"column":0},"end":{"line":85,"column":12}},"85":{"start":{"line":86,"column":0},"end":{"line":86,"column":2}},"86":{"start":{"line":87,"column":0},"end":{"line":87,"column":37}},"87":{"start":{"line":88,"column":0},"end":{"line":88,"column":45}},"88":{"start":{"line":89,"column":0},"end":{"line":89,"column":67}},"89":{"start":{"line":90,"column":0},"end":{"line":90,"column":61}},"90":{"start":{"line":91,"column":0},"end":{"line":91,"column":58}},"91":{"start":{"line":92,"column":0},"end":{"line":92,"column":77}},"92":{"start":{"line":93,"column":0},"end":{"line":93,"column":13}},"93":{"start":{"line":94,"column":0},"end":{"line":94,"column":10}},"94":{"start":{"line":95,"column":0},"end":{"line":95,"column":8}},"95":{"start":{"line":96,"column":0},"end":{"line":96,"column":15}},"96":{"start":{"line":97,"column":0},"end":{"line":97,"column":78}},"97":{"start":{"line":98,"column":0},"end":{"line":98,"column":57}},"98":{"start":{"line":99,"column":0},"end":{"line":99,"column":54}},"99":{"start":{"line":100,"column":0},"end":{"line":100,"column":73}},"100":{"start":{"line":101,"column":0},"end":{"line":101,"column":8}},"101":{"start":{"line":102,"column":0},"end":{"line":102,"column":3}},"102":{"start":{"line":103,"column":0},"end":{"line":103,"column":0}},"103":{"start":{"line":104,"column":0},"end":{"line":104,"column":43}},"104":{"start":{"line":105,"column":0},"end":{"line":105,"column":0}},"105":{"start":{"line":106,"column":0},"end":{"line":106,"column":71}},"106":{"start":{"line":107,"column":0},"end":{"line":107,"column":0}},"107":{"start":{"line":108,"column":0},"end":{"line":108,"column":86}},"108":{"start":{"line":109,"column":0},"end":{"line":109,"column":3}},"109":{"start":{"line":110,"column":0},"end":{"line":110,"column":1}}},"s":{"0":0,"1":0,"2":0,"3":0,"4":0,"5":0,"6":0,"7":0,"8":0,"9":0,"10":0,"11":0,"12":0,"13":0,"14":0,"15":0,"16":0,"17":0,"18":0,"19":0,"20":0,"21":0,"22":0,"23":0,"24":0,"25":0,"26":0,"27":0,"28":0,"29":0,"30":0,"31":0,"32":0,"33":0,"34":0,"35":0,"36":0,"37":0,"38":0,"39":0,"40":0,"41":0,"42":0,"43":0,"44":0,"45":0,"46":0,"47":0,"48":0,"49":0,"50":0,"51":0,"52":0,"53":0,"54":0,"55":0,"56":0,"57":0,"58":0,"59":0,"60":0,"61":0,"62":0,"63":0,"64":0,"65":0,"66":0,"67":0,"68":0,"69":0,"70":0,"71":0,"72":0,"73":0,"74":0,"75":0,"76":0,"77":0,"78":0,"79":0,"80":0,"81":0,"82":0,"83":0,"84":0,"85":0,"86":0,"87":0,"88":0,"89":0,"90":0,"91":0,"92":0,"93":0,"94":0,"95":0,"96":0,"97":0,"98":0,"99":0,"100":0,"101":0,"102":0,"103":0,"104":0,"105":0,"106":0,"107":0,"108":0,"109":0},"branchMap":{"0":{"type":"branch","line":1,"loc":{"start":{"line":1,"column":0},"end":{"line":110,"column":1}},"locations":[{"start":{"line":1,"column":0},"end":{"line":110,"column":1}}]}},"b":{"0":[0]},"fnMap":{"0":{"name":"(empty-report)","decl":{"start":{"line":1,"column":0},"end":{"line":110,"column":1}},"loc":{"start":{"line":1,"column":0},"end":{"line":110,"column":1}},"line":1}},"f":{"0":0}}
,"/srv/homeassistant/bdh/src/translators/base-translator.ts": {"path":"/srv/homeassistant/bdh/src/translators/base-translator.ts","all":false,"statementMap":{"0":{"start":{"line":1,"column":0},"end":{"line":1,"column":31}},"1":{"start":{"line":2,"column":0},"end":{"line":2,"column":29}},"2":{"start":{"line":3,"column":0},"end":{"line":3,"column":0}},"3":{"start":{"line":4,"column":0},"end":{"line":4,"column":37}},"4":{"start":{"line":5,"column":0},"end":{"line":5,"column":0}},"5":{"start":{"line":6,"column":0},"end":{"line":6,"column":19}},"6":{"start":{"line":7,"column":0},"end":{"line":7,"column":23}},"7":{"start":{"line":8,"column":0},"end":{"line":8,"column":21}},"8":{"start":{"line":9,"column":0},"end":{"line":9,"column":23}},"9":{"start":{"line":10,"column":0},"end":{"line":10,"column":30}},"10":{"start":{"line":11,"column":0},"end":{"line":11,"column":0}},"11":{"start":{"line":12,"column":0},"end":{"line":12,"column":85}},"12":{"start":{"line":13,"column":0},"end":{"line":13,"column":44}},"13":{"start":{"line":14,"column":0},"end":{"line":14,"column":26}},"14":{"start":{"line":15,"column":0},"end":{"line":15,"column":30}},"15":{"start":{"line":16,"column":0},"end":{"line":16,"column":37}},"16":{"start":{"line":17,"column":0},"end":{"line":17,"column":3}},"17":{"start":{"line":18,"column":0},"end":{"line":18,"column":1}},"18":{"start":{"line":19,"column":0},"end":{"line":19,"column":0}},"19":{"start":{"line":20,"column":0},"end":{"line":20,"column":0}},"20":{"start":{"line":21,"column":0},"end":{"line":21,"column":29}},"21":{"start":{"line":22,"column":0},"end":{"line":22,"column":0}},"22":{"start":{"line":23,"column":0},"end":{"line":23,"column":28}},"23":{"start":{"line":24,"column":0},"end":{"line":24,"column":26}},"24":{"start":{"line":25,"column":0},"end":{"line":25,"column":32}},"25":{"start":{"line":26,"column":0},"end":{"line":26,"column":34}},"26":{"start":{"line":27,"column":0},"end":{"line":27,"column":2}},"27":{"start":{"line":28,"column":0},"end":{"line":28,"column":22}},"28":{"start":{"line":29,"column":0},"end":{"line":29,"column":23}},"29":{"start":{"line":30,"column":0},"end":{"line":30,"column":3}},"30":{"start":{"line":31,"column":0},"end":{"line":31,"column":0}},"31":{"start":{"line":32,"column":0},"end":{"line":32,"column":23}},"32":{"start":{"line":33,"column":0},"end":{"line":33,"column":34}},"33":{"start":{"line":34,"column":0},"end":{"line":34,"column":3}},"34":{"start":{"line":35,"column":0},"end":{"line":35,"column":0}},"35":{"start":{"line":36,"column":0},"end":{"line":36,"column":21}},"36":{"start":{"line":37,"column":0},"end":{"line":37,"column":35}},"37":{"start":{"line":38,"column":0},"end":{"line":38,"column":3}},"38":{"start":{"line":39,"column":0},"end":{"line":39,"column":0}},"39":{"start":{"line":40,"column":0},"end":{"line":40,"column":45}},"40":{"start":{"line":41,"column":0},"end":{"line":41,"column":26}},"41":{"start":{"line":42,"column":0},"end":{"line":42,"column":28}},"42":{"start":{"line":43,"column":0},"end":{"line":43,"column":35}},"43":{"start":{"line":44,"column":0},"end":{"line":44,"column":27}},"44":{"start":{"line":45,"column":0},"end":{"line":45,"column":3}},"45":{"start":{"line":46,"column":0},"end":{"line":46,"column":0}},"46":{"start":{"line":47,"column":0},"end":{"line":47,"column":34}},"47":{"start":{"line":48,"column":0},"end":{"line":48,"column":43}},"48":{"start":{"line":49,"column":0},"end":{"line":49,"column":3}},"49":{"start":{"line":50,"column":0},"end":{"line":50,"column":0}},"50":{"start":{"line":51,"column":0},"end":{"line":51,"column":36}},"51":{"start":{"line":52,"column":0},"end":{"line":52,"column":48}},"52":{"start":{"line":53,"column":0},"end":{"line":53,"column":3}},"53":{"start":{"line":54,"column":0},"end":{"line":54,"column":0}},"54":{"start":{"line":55,"column":0},"end":{"line":55,"column":44}},"55":{"start":{"line":56,"column":0},"end":{"line":56,"column":79}},"56":{"start":{"line":57,"column":0},"end":{"line":57,"column":0}},"57":{"start":{"line":58,"column":0},"end":{"line":58,"column":18}},"58":{"start":{"line":59,"column":0},"end":{"line":59,"column":41}},"59":{"start":{"line":60,"column":0},"end":{"line":60,"column":8}},"60":{"start":{"line":61,"column":0},"end":{"line":61,"column":0}},"61":{"start":{"line":62,"column":0},"end":{"line":62,"column":43}},"62":{"start":{"line":63,"column":0},"end":{"line":63,"column":77}},"63":{"start":{"line":64,"column":0},"end":{"line":64,"column":63}},"64":{"start":{"line":65,"column":0},"end":{"line":65,"column":53}},"65":{"start":{"line":66,"column":0},"end":{"line":66,"column":70}},"66":{"start":{"line":67,"column":0},"end":{"line":67,"column":3}},"67":{"start":{"line":68,"column":0},"end":{"line":68,"column":0}},"68":{"start":{"line":69,"column":0},"end":{"line":69,"column":43}},"69":{"start":{"line":70,"column":0},"end":{"line":70,"column":77}},"70":{"start":{"line":71,"column":0},"end":{"line":71,"column":18}},"71":{"start":{"line":72,"column":0},"end":{"line":72,"column":40}},"72":{"start":{"line":73,"column":0},"end":{"line":73,"column":8}},"73":{"start":{"line":74,"column":0},"end":{"line":74,"column":0}},"74":{"start":{"line":75,"column":0},"end":{"line":75,"column":52}},"75":{"start":{"line":76,"column":0},"end":{"line":76,"column":2}},"76":{"start":{"line":77,"column":0},"end":{"line":77,"column":20}},"77":{"start":{"line":78,"column":0},"end":{"line":78,"column":70}},"78":{"start":{"line":79,"column":0},"end":{"line":79,"column":73}},"79":{"start":{"line":80,"column":0},"end":{"line":80,"column":10}},"80":{"start":{"line":81,"column":0},"end":{"line":81,"column":2}},"81":{"start":{"line":82,"column":0},"end":{"line":82,"column":59}},"82":{"start":{"line":83,"column":0},"end":{"line":83,"column":52}},"83":{"start":{"line":84,"column":0},"end":{"line":84,"column":78}},"84":{"start":{"line":85,"column":0},"end":{"line":85,"column":11}},"85":{"start":{"line":86,"column":0},"end":{"line":86,"column":2}},"86":{"start":{"line":87,"column":0},"end":{"line":87,"column":22}},"87":{"start":{"line":88,"column":0},"end":{"line":88,"column":27}},"88":{"start":{"line":89,"column":0},"end":{"line":89,"column":73}},"89":{"start":{"line":90,"column":0},"end":{"line":90,"column":74}},"90":{"start":{"line":91,"column":0},"end":{"line":91,"column":21}},"91":{"start":{"line":92,"column":0},"end":{"line":92,"column":14}},"92":{"start":{"line":93,"column":0},"end":{"line":93,"column":12}},"93":{"start":{"line":94,"column":0},"end":{"line":94,"column":2}},"94":{"start":{"line":95,"column":0},"end":{"line":95,"column":37}},"95":{"start":{"line":96,"column":0},"end":{"line":96,"column":45}},"96":{"start":{"line":97,"column":0},"end":{"line":97,"column":67}},"97":{"start":{"line":98,"column":0},"end":{"line":98,"column":61}},"98":{"start":{"line":99,"column":0},"end":{"line":99,"column":58}},"99":{"start":{"line":100,"column":0},"end":{"line":100,"column":77}},"100":{"start":{"line":101,"column":0},"end":{"line":101,"column":13}},"101":{"start":{"line":102,"column":0},"end":{"line":102,"column":10}},"102":{"start":{"line":103,"column":0},"end":{"line":103,"column":8}},"103":{"start":{"line":104,"column":0},"end":{"line":104,"column":15}},"104":{"start":{"line":105,"column":0},"end":{"line":105,"column":78}},"105":{"start":{"line":106,"column":0},"end":{"line":106,"column":57}},"106":{"start":{"line":107,"column":0},"end":{"line":107,"column":54}},"107":{"start":{"line":108,"column":0},"end":{"line":108,"column":73}},"108":{"start":{"line":109,"column":0},"end":{"line":109,"column":8}},"109":{"start":{"line":110,"column":0},"end":{"line":110,"column":3}},"110":{"start":{"line":111,"column":0},"end":{"line":111,"column":0}},"111":{"start":{"line":112,"column":0},"end":{"line":112,"column":43}},"112":{"start":{"line":113,"column":0},"end":{"line":113,"column":76}},"113":{"start":{"line":114,"column":0},"end":{"line":114,"column":18}},"114":{"start":{"line":115,"column":0},"end":{"line":115,"column":39}},"115":{"start":{"line":116,"column":0},"end":{"line":116,"column":8}},"116":{"start":{"line":117,"column":0},"end":{"line":117,"column":43}},"117":{"start":{"line":118,"column":0},"end":{"line":118,"column":78}},"118":{"start":{"line":119,"column":0},"end":{"line":119,"column":51}},"119":{"start":{"line":120,"column":0},"end":{"line":120,"column":73}},"120":{"start":{"line":121,"column":0},"end":{"line":121,"column":40}},"121":{"start":{"line":122,"column":0},"end":{"line":122,"column":47}},"122":{"start":{"line":123,"column":0},"end":{"line":123,"column":81}},"123":{"start":{"line":124,"column":0},"end":{"line":124,"column":3}},"124":{"start":{"line":125,"column":0},"end":{"line":125,"column":0}},"125":{"start":{"line":126,"column":0},"end":{"line":126,"column":54}},"126":{"start":{"line":127,"column":0},"end":{"line":127,"column":65}},"127":{"start":{"line":128,"column":0},"end":{"line":128,"column":81}},"128":{"start":{"line":129,"column":0},"end":{"line":129,"column":5}},"129":{"start":{"line":130,"column":0},"end":{"line":130,"column":0}},"130":{"start":{"line":131,"column":0},"end":{"line":131,"column":54}},"131":{"start":{"line":132,"column":0},"end":{"line":132,"column":45}},"132":{"start":{"line":133,"column":0},"end":{"line":133,"column":71}},"133":{"start":{"line":134,"column":0},"end":{"line":134,"column":6}},"134":{"start":{"line":135,"column":0},"end":{"line":135,"column":0}},"135":{"start":{"line":136,"column":0},"end":{"line":136,"column":18}},"136":{"start":{"line":137,"column":0},"end":{"line":137,"column":60}},"137":{"start":{"line":138,"column":0},"end":{"line":138,"column":5}},"138":{"start":{"line":139,"column":0},"end":{"line":139,"column":0}},"139":{"start":{"line":140,"column":0},"end":{"line":140,"column":19}},"140":{"start":{"line":141,"column":0},"end":{"line":141,"column":3}},"141":{"start":{"line":142,"column":0},"end":{"line":142,"column":2}},"142":{"start":{"line":143,"column":0},"end":{"line":143,"column":99}},"143":{"start":{"line":144,"column":0},"end":{"line":144,"column":4}},"144":{"start":{"line":145,"column":0},"end":{"line":145,"column":54}},"145":{"start":{"line":146,"column":0},"end":{"line":146,"column":61}},"146":{"start":{"line":147,"column":0},"end":{"line":147,"column":2}},"147":{"start":{"line":148,"column":0},"end":{"line":148,"column":29}},"148":{"start":{"line":149,"column":0},"end":{"line":149,"column":0}},"149":{"start":{"line":150,"column":0},"end":{"line":150,"column":69}},"150":{"start":{"line":151,"column":0},"end":{"line":151,"column":6}},"151":{"start":{"line":152,"column":0},"end":{"line":152,"column":0}},"152":{"start":{"line":153,"column":0},"end":{"line":153,"column":40}},"153":{"start":{"line":154,"column":0},"end":{"line":154,"column":0}},"154":{"start":{"line":155,"column":0},"end":{"line":155,"column":40}},"155":{"start":{"line":156,"column":0},"end":{"line":156,"column":0}},"156":{"start":{"line":157,"column":0},"end":{"line":157,"column":37}},"157":{"start":{"line":158,"column":0},"end":{"line":158,"column":97}},"158":{"start":{"line":159,"column":0},"end":{"line":159,"column":0}},"159":{"start":{"line":160,"column":0},"end":{"line":160,"column":27}},"160":{"start":{"line":161,"column":0},"end":{"line":161,"column":36}},"161":{"start":{"line":162,"column":0},"end":{"line":162,"column":75}},"162":{"start":{"line":163,"column":0},"end":{"line":163,"column":19}},"163":{"start":{"line":164,"column":0},"end":{"line":164,"column":11}},"164":{"start":{"line":165,"column":0},"end":{"line":165,"column":4}},"165":{"start":{"line":166,"column":0},"end":{"line":166,"column":87}},"166":{"start":{"line":167,"column":0},"end":{"line":167,"column":11}},"167":{"start":{"line":168,"column":0},"end":{"line":168,"column":51}},"168":{"start":{"line":169,"column":0},"end":{"line":169,"column":9}},"169":{"start":{"line":170,"column":0},"end":{"line":170,"column":12}},"170":{"start":{"line":171,"column":0},"end":{"line":171,"column":49}},"171":{"start":{"line":172,"column":0},"end":{"line":172,"column":5}},"172":{"start":{"line":173,"column":0},"end":{"line":173,"column":3}},"173":{"start":{"line":174,"column":0},"end":{"line":174,"column":0}},"174":{"start":{"line":175,"column":0},"end":{"line":175,"column":0}},"175":{"start":{"line":176,"column":0},"end":{"line":176,"column":55}},"176":{"start":{"line":177,"column":0},"end":{"line":177,"column":0}},"177":{"start":{"line":178,"column":0},"end":{"line":178,"column":37}},"178":{"start":{"line":179,"column":0},"end":{"line":179,"column":28}},"179":{"start":{"line":180,"column":0},"end":{"line":180,"column":65}},"180":{"start":{"line":181,"column":0},"end":{"line":181,"column":2}},"181":{"start":{"line":182,"column":0},"end":{"line":182,"column":0}},"182":{"start":{"line":183,"column":0},"end":{"line":183,"column":31}},"183":{"start":{"line":184,"column":0},"end":{"line":184,"column":20}},"184":{"start":{"line":185,"column":0},"end":{"line":185,"column":6}},"185":{"start":{"line":186,"column":0},"end":{"line":186,"column":13}},"186":{"start":{"line":187,"column":0},"end":{"line":187,"column":67}},"187":{"start":{"line":188,"column":0},"end":{"line":188,"column":22}},"188":{"start":{"line":189,"column":0},"end":{"line":189,"column":34}},"189":{"start":{"line":190,"column":0},"end":{"line":190,"column":46}},"190":{"start":{"line":191,"column":0},"end":{"line":191,"column":17}},"191":{"start":{"line":192,"column":0},"end":{"line":192,"column":9}},"192":{"start":{"line":193,"column":0},"end":{"line":193,"column":64}},"193":{"start":{"line":194,"column":0},"end":{"line":194,"column":42}},"194":{"start":{"line":195,"column":0},"end":{"line":195,"column":0}},"195":{"start":{"line":196,"column":0},"end":{"line":196,"column":46}},"196":{"start":{"line":197,"column":0},"end":{"line":197,"column":2}},"197":{"start":{"line":198,"column":0},"end":{"line":198,"column":39}},"198":{"start":{"line":199,"column":0},"end":{"line":199,"column":99}},"199":{"start":{"line":200,"column":0},"end":{"line":200,"column":2}},"200":{"start":{"line":201,"column":0},"end":{"line":201,"column":29}},"201":{"start":{"line":202,"column":0},"end":{"line":202,"column":38}},"202":{"start":{"line":203,"column":0},"end":{"line":203,"column":77}},"203":{"start":{"line":204,"column":0},"end":{"line":204,"column":21}},"204":{"start":{"line":205,"column":0},"end":{"line":205,"column":13}},"205":{"start":{"line":206,"column":0},"end":{"line":206,"column":6}},"206":{"start":{"line":207,"column":0},"end":{"line":207,"column":88}},"207":{"start":{"line":208,"column":0},"end":{"line":208,"column":13}},"208":{"start":{"line":209,"column":0},"end":{"line":209,"column":11}},"209":{"start":{"line":210,"column":0},"end":{"line":210,"column":7}},"210":{"start":{"line":211,"column":0},"end":{"line":211,"column":0}},"211":{"start":{"line":212,"column":0},"end":{"line":212,"column":6}},"212":{"start":{"line":213,"column":0},"end":{"line":213,"column":0}},"213":{"start":{"line":214,"column":0},"end":{"line":214,"column":3}},"214":{"start":{"line":215,"column":0},"end":{"line":215,"column":2}},"215":{"start":{"line":216,"column":0},"end":{"line":216,"column":90}},"216":{"start":{"line":217,"column":0},"end":{"line":217,"column":18}},"217":{"start":{"line":218,"column":0},"end":{"line":218,"column":76}},"218":{"start":{"line":219,"column":0},"end":{"line":219,"column":5}},"219":{"start":{"line":220,"column":0},"end":{"line":220,"column":18}},"220":{"start":{"line":221,"column":0},"end":{"line":221,"column":75}},"221":{"start":{"line":222,"column":0},"end":{"line":222,"column":5}},"222":{"start":{"line":223,"column":0},"end":{"line":223,"column":3}},"223":{"start":{"line":224,"column":0},"end":{"line":224,"column":0}},"224":{"start":{"line":225,"column":0},"end":{"line":225,"column":32}},"225":{"start":{"line":226,"column":0},"end":{"line":226,"column":25}},"226":{"start":{"line":227,"column":0},"end":{"line":227,"column":27}},"227":{"start":{"line":228,"column":0},"end":{"line":228,"column":21}},"228":{"start":{"line":229,"column":0},"end":{"line":229,"column":0}},"229":{"start":{"line":230,"column":0},"end":{"line":230,"column":9}},"230":{"start":{"line":231,"column":0},"end":{"line":231,"column":6}},"231":{"start":{"line":232,"column":0},"end":{"line":232,"column":34}},"232":{"start":{"line":233,"column":0},"end":{"line":233,"column":44}},"233":{"start":{"line":234,"column":0},"end":{"line":234,"column":7}},"234":{"start":{"line":235,"column":0},"end":{"line":235,"column":0}},"235":{"start":{"line":236,"column":0},"end":{"line":236,"column":83}},"236":{"start":{"line":237,"column":0},"end":{"line":237,"column":0}},"237":{"start":{"line":238,"column":0},"end":{"line":238,"column":101}},"238":{"start":{"line":239,"column":0},"end":{"line":239,"column":87}},"239":{"start":{"line":240,"column":0},"end":{"line":240,"column":7}},"240":{"start":{"line":241,"column":0},"end":{"line":241,"column":0}},"241":{"start":{"line":242,"column":0},"end":{"line":242,"column":21}},"242":{"start":{"line":243,"column":0},"end":{"line":243,"column":53}},"243":{"start":{"line":244,"column":0},"end":{"line":244,"column":7}},"244":{"start":{"line":245,"column":0},"end":{"line":245,"column":0}},"245":{"start":{"line":246,"column":0},"end":{"line":246,"column":57}},"246":{"start":{"line":247,"column":0},"end":{"line":247,"column":1}},"247":{"start":{"line":248,"column":0},"end":{"line":248,"column":83}},"248":{"start":{"line":249,"column":0},"end":{"line":249,"column":0}},"249":{"start":{"line":250,"column":0},"end":{"line":250,"column":83}},"250":{"start":{"line":251,"column":0},"end":{"line":251,"column":37}},"251":{"start":{"line":252,"column":0},"end":{"line":252,"column":0}},"252":{"start":{"line":253,"column":0},"end":{"line":253,"column":31}},"253":{"start":{"line":254,"column":0},"end":{"line":254,"column":30}},"254":{"start":{"line":255,"column":0},"end":{"line":255,"column":30}},"255":{"start":{"line":256,"column":0},"end":{"line":256,"column":42}},"256":{"start":{"line":257,"column":0},"end":{"line":257,"column":0}},"257":{"start":{"line":258,"column":0},"end":{"line":258,"column":20}},"258":{"start":{"line":259,"column":0},"end":{"line":259,"column":0}},"259":{"start":{"line":260,"column":0},"end":{"line":260,"column":15}},"260":{"start":{"line":261,"column":0},"end":{"line":261,"column":49}},"261":{"start":{"line":262,"column":0},"end":{"line":262,"column":85}},"262":{"start":{"line":263,"column":0},"end":{"line":263,"column":13}},"263":{"start":{"line":264,"column":0},"end":{"line":264,"column":0}},"264":{"start":{"line":265,"column":0},"end":{"line":265,"column":53}},"265":{"start":{"line":266,"column":0},"end":{"line":266,"column":16}},"266":{"start":{"line":267,"column":0},"end":{"line":267,"column":52}},"267":{"start":{"line":268,"column":0},"end":{"line":268,"column":8}},"268":{"start":{"line":269,"column":0},"end":{"line":269,"column":64}},"269":{"start":{"line":270,"column":0},"end":{"line":270,"column":0}},"270":{"start":{"line":271,"column":0},"end":{"line":271,"column":85}},"271":{"start":{"line":272,"column":0},"end":{"line":272,"column":32}},"272":{"start":{"line":273,"column":0},"end":{"line":273,"column":15}},"273":{"start":{"line":274,"column":0},"end":{"line":274,"column":0}},"274":{"start":{"line":275,"column":0},"end":{"line":275,"column":91}},"275":{"start":{"line":276,"column":0},"end":{"line":276,"column":0}},"276":{"start":{"line":277,"column":0},"end":{"line":277,"column":73}},"277":{"start":{"line":278,"column":0},"end":{"line":278,"column":2}},"278":{"start":{"line":279,"column":0},"end":{"line":279,"column":41}},"279":{"start":{"line":280,"column":0},"end":{"line":280,"column":78}},"280":{"start":{"line":281,"column":0},"end":{"line":281,"column":29}},"281":{"start":{"line":282,"column":0},"end":{"line":282,"column":0}},"282":{"start":{"line":283,"column":0},"end":{"line":283,"column":31}},"283":{"start":{"line":284,"column":0},"end":{"line":284,"column":31}},"284":{"start":{"line":285,"column":0},"end":{"line":285,"column":36}},"285":{"start":{"line":286,"column":0},"end":{"line":286,"column":63}},"286":{"start":{"line":287,"column":0},"end":{"line":287,"column":26}},"287":{"start":{"line":288,"column":0},"end":{"line":288,"column":18}},"288":{"start":{"line":289,"column":0},"end":{"line":289,"column":30}},"289":{"start":{"line":290,"column":0},"end":{"line":290,"column":35}},"290":{"start":{"line":291,"column":0},"end":{"line":291,"column":62}},"291":{"start":{"line":292,"column":0},"end":{"line":292,"column":26}},"292":{"start":{"line":293,"column":0},"end":{"line":293,"column":6}},"293":{"start":{"line":294,"column":0},"end":{"line":294,"column":30}},"294":{"start":{"line":295,"column":0},"end":{"line":295,"column":35}},"295":{"start":{"line":296,"column":0},"end":{"line":296,"column":62}},"296":{"start":{"line":297,"column":0},"end":{"line":297,"column":26}},"297":{"start":{"line":298,"column":0},"end":{"line":298,"column":18}},"298":{"start":{"line":299,"column":0},"end":{"line":299,"column":15}},"299":{"start":{"line":300,"column":0},"end":{"line":300,"column":15}},"300":{"start":{"line":301,"column":0},"end":{"line":301,"column":0}},"301":{"start":{"line":302,"column":0},"end":{"line":302,"column":0}},"302":{"start":{"line":303,"column":0},"end":{"line":303,"column":49}},"303":{"start":{"line":304,"column":0},"end":{"line":304,"column":77}},"304":{"start":{"line":305,"column":0},"end":{"line":305,"column":0}},"305":{"start":{"line":306,"column":0},"end":{"line":306,"column":24}},"306":{"start":{"line":307,"column":0},"end":{"line":307,"column":48}},"307":{"start":{"line":308,"column":0},"end":{"line":308,"column":36}},"308":{"start":{"line":309,"column":0},"end":{"line":309,"column":11}},"309":{"start":{"line":310,"column":0},"end":{"line":310,"column":9}},"310":{"start":{"line":311,"column":0},"end":{"line":311,"column":9}},"311":{"start":{"line":312,"column":0},"end":{"line":312,"column":1}},"312":{"start":{"line":313,"column":0},"end":{"line":313,"column":55}},"313":{"start":{"line":314,"column":0},"end":{"line":314,"column":60}},"314":{"start":{"line":315,"column":0},"end":{"line":315,"column":7}},"315":{"start":{"line":316,"column":0},"end":{"line":316,"column":2}},"316":{"start":{"line":317,"column":0},"end":{"line":317,"column":18}},"317":{"start":{"line":318,"column":0},"end":{"line":318,"column":42}},"318":{"start":{"line":319,"column":0},"end":{"line":319,"column":30}},"319":{"start":{"line":320,"column":0},"end":{"line":320,"column":5}},"320":{"start":{"line":321,"column":0},"end":{"line":321,"column":0}},"321":{"start":{"line":322,"column":0},"end":{"line":322,"column":0}},"322":{"start":{"line":323,"column":0},"end":{"line":323,"column":32}},"323":{"start":{"line":324,"column":0},"end":{"line":324,"column":34}},"324":{"start":{"line":325,"column":0},"end":{"line":325,"column":5}},"325":{"start":{"line":326,"column":0},"end":{"line":326,"column":0}},"326":{"start":{"line":327,"column":0},"end":{"line":327,"column":24}},"327":{"start":{"line":328,"column":0},"end":{"line":328,"column":3}},"328":{"start":{"line":329,"column":0},"end":{"line":329,"column":1}}},"s":{"0":1,"1":1,"2":1,"3":1,"4":1,"5":1,"6":1,"7":1,"8":1,"9":1,"10":1,"11":1,"12":0,"13":0,"14":0,"15":0,"16":0,"17":1,"18":1,"19":1,"20":1,"21":1,"22":1,"23":1,"24":1,"25":1,"26":1,"27":1,"28":3,"29":3,"30":1,"31":1,"32":0,"33":0,"34":1,"35":1,"36":0,"37":0,"38":1,"39":1,"40":9,"41":9,"42":9,"43":9,"44":9,"45":1,"46":1,"47":5,"48":5,"49":1,"50":1,"51":10,"52":10,"53":1,"54":1,"55":3,"56":3,"57":3,"58":3,"59":3,"60":3,"61":3,"62":3,"63":3,"64":3,"65":3,"66":3,"67":1,"68":1,"69":9,"70":9,"71":9,"72":9,"73":9,"74":9,"75":9,"76":9,"77":9,"78":9,"79":9,"80":9,"81":9,"82":9,"83":9,"84":9,"85":9,"86":9,"87":9,"88":9,"89":9,"90":9,"91":9,"92":9,"93":9,"94":9,"95":9,"96":9,"97":9,"98":9,"99":9,"100":9,"101":9,"102":9,"103":9,"104":9,"105":9,"106":9,"107":9,"108":9,"109":9,"110":1,"111":1,"112":18,"113":18,"114":18,"115":18,"116":18,"117":18,"118":18,"119":18,"120":18,"121":18,"122":18,"123":18,"124":1,"125":1,"126":0,"127":0,"128":0,"129":0,"130":0,"131":0,"132":0,"133":0,"134":0,"135":0,"136":0,"137":0,"138":0,"139":0,"140":0,"141":1,"142":1,"143":1,"144":1,"145":1,"146":1,"147":1,"148":1,"149":1,"150":1,"151":1,"152":1,"153":1,"154":1,"155":1,"156":1,"157":1,"158":1,"159":1,"160":1,"161":1,"162":1,"163":1,"164":1,"165":1,"166":1,"167":1,"168":1,"169":1,"170":1,"171":1,"172":1,"173":1,"174":1,"175":1,"176":1,"177":1,"178":1,"179":1,"180":1,"181":1,"182":1,"183":1,"184":1,"185":1,"186":1,"187":1,"188":1,"189":1,"190":1,"191":1,"192":1,"193":1,"194":1,"195":1,"196":1,"197":1,"198":1,"199":1,"200":1,"201":1,"202":1,"203":1,"204":1,"205":1,"206":1,"207":1,"208":1,"209":1,"210":1,"211":1,"212":1,"213":1,"214":1,"215":1,"216":10,"217":1,"218":1,"219":10,"220":1,"221":1,"222":10,"223":1,"224":1,"225":9,"226":9,"227":9,"228":9,"229":9,"230":9,"231":9,"232":1,"233":1,"234":8,"235":8,"236":8,"237":9,"238":1,"239":1,"240":9,"241":9,"242":5,"243":5,"244":9,"245":9,"246":14,"247":14,"248":11,"249":11,"250":11,"251":11,"252":11,"253":11,"254":11,"255":11,"256":11,"257":11,"258":11,"259":11,"260":11,"261":1,"262":1,"263":11,"264":11,"265":11,"266":11,"267":30,"268":30,"269":30,"270":30,"271":21,"272":21,"273":30,"274":30,"275":30,"276":30,"277":30,"278":30,"279":0,"280":0,"281":30,"282":30,"283":30,"284":3,"285":3,"286":3,"287":30,"288":30,"289":9,"290":9,"291":9,"292":30,"293":30,"294":18,"295":18,"296":18,"297":30,"298":30,"299":11,"300":11,"301":11,"302":11,"303":11,"304":11,"305":11,"306":3,"307":3,"308":3,"309":11,"310":9,"311":9,"312":9,"313":1,"314":1,"315":9,"316":9,"317":3,"318":3,"319":3,"320":9,"321":9,"322":9,"323":6,"324":6,"325":9,"326":9,"327":9,"328":1},"branchMap":{"0":{"type":"branch","line":40,"loc":{"start":{"line":40,"column":2},"end":{"line":45,"column":3}},"locations":[{"start":{"line":40,"column":2},"end":{"line":45,"column":3}}]},"1":{"type":"branch","line":28,"loc":{"start":{"line":28,"column":2},"end":{"line":30,"column":3}},"locations":[{"start":{"line":28,"column":2},"end":{"line":30,"column":3}}]},"2":{"type":"branch","line":47,"loc":{"start":{"line":47,"column":2},"end":{"line":49,"column":3}},"locations":[{"start":{"line":47,"column":2},"end":{"line":49,"column":3}}]},"3":{"type":"branch","line":51,"loc":{"start":{"line":51,"column":2},"end":{"line":53,"column":3}},"locations":[{"start":{"line":51,"column":2},"end":{"line":53,"column":3}}]},"4":{"type":"branch","line":55,"loc":{"start":{"line":55,"column":2},"end":{"line":67,"column":3}},"locations":[{"start":{"line":55,"column":2},"end":{"line":67,"column":3}}]},"5":{"type":"branch","line":69,"loc":{"start":{"line":69,"column":2},"end":{"line":110,"column":3}},"locations":[{"start":{"line":69,"column":2},"end":{"line":110,"column":3}}]},"6":{"type":"branch","line":112,"loc":{"start":{"line":112,"column":2},"end":{"line":124,"column":3}},"locations":[{"start":{"line":112,"column":2},"end":{"line":124,"column":3}}]},"7":{"type":"branch","line":216,"loc":{"start":{"line":216,"column":2},"end":{"line":223,"column":3}},"locations":[{"start":{"line":216,"column":2},"end":{"line":223,"column":3}}]},"8":{"type":"branch","line":217,"loc":{"start":{"line":217,"column":17},"end":{"line":219,"column":5}},"locations":[{"start":{"line":217,"column":17},"end":{"line":219,"column":5}}]},"9":{"type":"branch","line":220,"loc":{"start":{"line":220,"column":-1},"end":{"line":220,"column":17}},"locations":[{"start":{"line":220,"column":-1},"end":{"line":220,"column":17}}]},"10":{"type":"branch","line":220,"loc":{"start":{"line":220,"column":17},"end":{"line":222,"column":5}},"locations":[{"start":{"line":220,"column":17},"end":{"line":222,"column":5}}]},"11":{"type":"branch","line":225,"loc":{"start":{"line":225,"column":2},"end":{"line":328,"column":3}},"locations":[{"start":{"line":225,"column":2},"end":{"line":328,"column":3}}]},"12":{"type":"branch","line":232,"loc":{"start":{"line":232,"column":33},"end":{"line":234,"column":7}},"locations":[{"start":{"line":232,"column":33},"end":{"line":234,"column":7}}]},"13":{"type":"branch","line":235,"loc":{"start":{"line":235,"column":-1},"end":{"line":238,"column":47}},"locations":[{"start":{"line":235,"column":-1},"end":{"line":238,"column":47}}]},"14":{"type":"branch","line":238,"loc":{"start":{"line":238,"column":45},"end":{"line":238,"column":47}},"locations":[{"start":{"line":238,"column":45},"end":{"line":238,"column":47}}]},"15":{"type":"branch","line":238,"loc":{"start":{"line":238,"column":45},"end":{"line":238,"column":55}},"locations":[{"start":{"line":238,"column":45},"end":{"line":238,"column":55}}]},"16":{"type":"branch","line":238,"loc":{"start":{"line":238,"column":56},"end":{"line":238,"column":98}},"locations":[{"start":{"line":238,"column":56},"end":{"line":238,"column":98}}]},"17":{"type":"branch","line":238,"loc":{"start":{"line":238,"column":100},"end":{"line":240,"column":7}},"locations":[{"start":{"line":238,"column":100},"end":{"line":240,"column":7}}]},"18":{"type":"branch","line":242,"loc":{"start":{"line":242,"column":20},"end":{"line":244,"column":7}},"locations":[{"start":{"line":242,"column":20},"end":{"line":244,"column":7}}]},"19":{"type":"branch","line":313,"loc":{"start":{"line":313,"column":17},"end":{"line":313,"column":52}},"locations":[{"start":{"line":313,"column":17},"end":{"line":313,"column":52}}]},"20":{"type":"branch","line":313,"loc":{"start":{"line":313,"column":54},"end":{"line":315,"column":7}},"locations":[{"start":{"line":313,"column":54},"end":{"line":315,"column":7}}]},"21":{"type":"branch","line":317,"loc":{"start":{"line":317,"column":5},"end":{"line":317,"column":12}},"locations":[{"start":{"line":317,"column":5},"end":{"line":317,"column":12}}]},"22":{"type":"branch","line":317,"loc":{"start":{"line":317,"column":6},"end":{"line":320,"column":5}},"locations":[{"start":{"line":317,"column":6},"end":{"line":320,"column":5}}]},"23":{"type":"branch","line":323,"loc":{"start":{"line":323,"column":31},"end":{"line":325,"column":5}},"locations":[{"start":{"line":323,"column":31},"end":{"line":325,"column":5}}]},"24":{"type":"branch","line":246,"loc":{"start":{"line":246,"column":45},"end":{"line":311,"column":7}},"locations":[{"start":{"line":246,"column":45},"end":{"line":311,"column":7}}]},"25":{"type":"branch","line":248,"loc":{"start":{"line":248,"column":41},"end":{"line":248,"column":79}},"locations":[{"start":{"line":248,"column":41},"end":{"line":248,"column":79}}]},"26":{"type":"branch","line":248,"loc":{"start":{"line":248,"column":82},"end":{"line":310,"column":9}},"locations":[{"start":{"line":248,"column":82},"end":{"line":310,"column":9}}]},"27":{"type":"branch","line":261,"loc":{"start":{"line":261,"column":38},"end":{"line":261,"column":40}},"locations":[{"start":{"line":261,"column":38},"end":{"line":261,"column":40}}]},"28":{"type":"branch","line":261,"loc":{"start":{"line":261,"column":48},"end":{"line":263,"column":13}},"locations":[{"start":{"line":261,"column":48},"end":{"line":263,"column":13}}]},"29":{"type":"branch","line":306,"loc":{"start":{"line":306,"column":11},"end":{"line":306,"column":18}},"locations":[{"start":{"line":306,"column":11},"end":{"line":306,"column":18}}]},"30":{"type":"branch","line":306,"loc":{"start":{"line":306,"column":12},"end":{"line":309,"column":11}},"locations":[{"start":{"line":306,"column":12},"end":{"line":309,"column":11}}]},"31":{"type":"branch","line":267,"loc":{"start":{"line":267,"column":43},"end":{"line":300,"column":13}},"locations":[{"start":{"line":267,"column":43},"end":{"line":300,"column":13}}]},"32":{"type":"branch","line":271,"loc":{"start":{"line":271,"column":62},"end":{"line":271,"column":82}},"locations":[{"start":{"line":271,"column":62},"end":{"line":271,"column":82}}]},"33":{"type":"branch","line":271,"loc":{"start":{"line":271,"column":84},"end":{"line":273,"column":15}},"locations":[{"start":{"line":271,"column":84},"end":{"line":273,"column":15}}]},"34":{"type":"branch","line":279,"loc":{"start":{"line":279,"column":40},"end":{"line":281,"column":29}},"locations":[{"start":{"line":279,"column":40},"end":{"line":281,"column":29}}]},"35":{"type":"branch","line":284,"loc":{"start":{"line":284,"column":18},"end":{"line":287,"column":26}},"locations":[{"start":{"line":284,"column":18},"end":{"line":287,"column":26}}]},"36":{"type":"branch","line":289,"loc":{"start":{"line":289,"column":18},"end":{"line":292,"column":26}},"locations":[{"start":{"line":289,"column":18},"end":{"line":292,"column":26}}]},"37":{"type":"branch","line":294,"loc":{"start":{"line":294,"column":18},"end":{"line":297,"column":26}},"locations":[{"start":{"line":294,"column":18},"end":{"line":297,"column":26}}]}},"b":{"0":[9],"1":[3],"2":[5],"3":[10],"4":[3],"5":[9],"6":[18],"7":[10],"8":[1],"9":[9],"10":[1],"11":[9],"12":[1],"13":[8],"14":[0],"15":[8],"16":[7],"17":[1],"18":[5],"19":[2],"20":[1],"21":[6],"22":[3],"23":[6],"24":[14],"25":[4],"26":[11],"27":[0],"28":[1],"29":[8],"30":[3],"31":[30],"32":[21],"33":[21],"34":[0],"35":[3],"36":[9],"37":[18]},"fnMap":{"0":{"name":"Step","decl":{"start":{"line":12,"column":2},"end":{"line":17,"column":3}},"loc":{"start":{"line":12,"column":2},"end":{"line":17,"column":3}},"line":12},"1":{"name":"BaseTranslator","decl":{"start":{"line":40,"column":2},"end":{"line":45,"column":3}},"loc":{"start":{"line":40,"column":2},"end":{"line":45,"column":3}},"line":40},"2":{"name":"get lines","decl":{"start":{"line":28,"column":2},"end":{"line":30,"column":3}},"loc":{"start":{"line":28,"column":2},"end":{"line":30,"column":3}},"line":28},"3":{"name":"get source","decl":{"start":{"line":32,"column":2},"end":{"line":34,"column":3}},"loc":{"start":{"line":32,"column":2},"end":{"line":34,"column":3}},"line":32},"4":{"name":"get yaml","decl":{"start":{"line":36,"column":2},"end":{"line":38,"column":3}},"loc":{"start":{"line":36,"column":2},"end":{"line":38,"column":3}},"line":36},"5":{"name":"translateFeature","decl":{"start":{"line":47,"column":2},"end":{"line":49,"column":3}},"loc":{"start":{"line":47,"column":2},"end":{"line":49,"column":3}},"line":47},"6":{"name":"translateScenario","decl":{"start":{"line":51,"column":2},"end":{"line":53,"column":3}},"loc":{"start":{"line":51,"column":2},"end":{"line":53,"column":3}},"line":51},"7":{"name":"translateGiven","decl":{"start":{"line":55,"column":2},"end":{"line":67,"column":3}},"loc":{"start":{"line":55,"column":2},"end":{"line":67,"column":3}},"line":55},"8":{"name":"translateWhen","decl":{"start":{"line":69,"column":2},"end":{"line":110,"column":3}},"loc":{"start":{"line":69,"column":2},"end":{"line":110,"column":3}},"line":69},"9":{"name":"translateThen","decl":{"start":{"line":112,"column":2},"end":{"line":124,"column":3}},"loc":{"start":{"line":112,"column":2},"end":{"line":124,"column":3}},"line":112},"10":{"name":"getExampleTable","decl":{"start":{"line":126,"column":2},"end":{"line":141,"column":3}},"loc":{"start":{"line":126,"column":2},"end":{"line":141,"column":3}},"line":126},"11":{"name":"finalizeScenario","decl":{"start":{"line":216,"column":2},"end":{"line":223,"column":3}},"loc":{"start":{"line":216,"column":2},"end":{"line":223,"column":3}},"line":216},"12":{"name":"translate","decl":{"start":{"line":225,"column":2},"end":{"line":328,"column":3}},"loc":{"start":{"line":225,"column":2},"end":{"line":328,"column":3}},"line":225}},"f":{"0":0,"1":9,"2":3,"3":0,"4":0,"5":5,"6":10,"7":3,"8":9,"9":18,"10":0,"11":10,"12":9}}
}
