TN:
SF:src/cmds.ts
FNF:0
FNH:0
DA:1,1
DA:2,1
DA:3,1
DA:4,1
DA:5,1
DA:6,1
DA:7,1
DA:8,1
DA:9,1
DA:10,1
DA:11,1
DA:12,1
DA:13,1
DA:14,1
DA:15,1
DA:16,1
DA:17,2
DA:18,2
DA:19,2
DA:20,2
DA:21,2
DA:22,2
DA:23,2
DA:24,2
DA:25,2
DA:26,2
DA:27,2
DA:28,2
DA:29,2
DA:30,2
DA:31,2
DA:32,2
DA:33,2
DA:34,2
DA:35,2
DA:36,2
DA:37,1
DA:38,1
DA:39,1
DA:40,2
DA:41,2
DA:42,2
DA:43,2
DA:44,1
DA:45,1
DA:46,1
DA:47,1
DA:48,1
LF:48
LH:48
BRDA:16,0,0,2
BRDA:43,1,0,1
BRDA:30,2,0,2
BRDA:36,3,0,1
BRF:4
BRH:4
end_of_record
TN:
SF:src/feature.ts
FN:21,Feature
FN:13,get
FN:17,get
FNF:3
FNH:3
FNDA:7,Feature
FNDA:2,get
FNDA:5,get
DA:1,1
DA:2,1
DA:3,1
DA:4,1
DA:5,1
DA:6,1
DA:7,2
DA:8,2
DA:9,2
DA:10,2
DA:11,2
DA:12,2
DA:13,2
DA:14,2
DA:15,2
DA:16,2
DA:17,2
DA:18,5
DA:19,5
DA:20,2
DA:21,2
DA:22,7
DA:23,7
DA:24,7
DA:25,7
DA:26,7
DA:27,7
DA:28,7
DA:29,7
DA:30,7
DA:31,7
DA:32,7
DA:33,7
DA:34,7
DA:35,7
DA:36,7
DA:37,7
DA:38,1
DA:39,1
DA:40,7
DA:41,7
DA:42,7
DA:43,7
DA:44,7
DA:45,2
DA:46,2
DA:47,2
DA:48,7
DA:49,7
DA:50,1
DA:51,1
DA:52,7
DA:53,2
LF:53
LH:53
BRDA:7,0,0,2
BRDA:21,1,0,7
BRDA:30,2,0,1
BRDA:30,3,0,6
BRDA:37,4,0,6
BRDA:37,5,0,1
BRDA:44,6,0,4
BRDA:44,7,0,2
BRDA:49,8,0,0
BRDA:49,9,0,4
BRDA:49,10,0,4
BRDA:49,11,0,0
BRDA:49,12,0,4
BRDA:49,13,0,4
BRDA:49,14,0,0
BRDA:49,15,0,0
BRDA:49,16,0,1
BRDA:49,17,0,3
BRDA:13,18,0,2
BRDA:17,19,0,5
BRF:20
BRH:16
end_of_record
TN:
SF:src/test/data/load-features.ts
FN:3,loadFeatureFile
FNF:1
FNH:1
FNDA:12,loadFeatureFile
DA:1,1
DA:2,1
DA:3,1
DA:4,12
DA:5,12
DA:6,1
DA:7,1
DA:8,1
LF:8
LH:8
BRDA:3,0,0,12
BRF:1
BRH:1
end_of_record
