TN:
SF:src/automation.ts
FN:1,(empty-report)
FNF:1
FNH:0
FNDA:0,(empty-report)
DA:1,0
DA:2,0
DA:3,0
DA:4,0
DA:5,0
DA:6,0
DA:7,0
DA:8,0
DA:9,0
DA:10,0
DA:11,0
DA:12,0
DA:13,0
DA:14,0
DA:15,0
DA:16,0
DA:17,0
DA:18,0
DA:19,0
DA:20,0
DA:21,0
DA:22,0
DA:23,0
DA:24,0
DA:25,0
DA:26,0
DA:27,0
DA:28,0
DA:29,0
DA:30,0
DA:31,0
DA:32,0
DA:33,0
DA:34,0
DA:35,0
DA:36,0
DA:37,0
DA:38,0
DA:39,0
DA:40,0
DA:41,0
DA:42,0
DA:43,0
DA:44,0
DA:45,0
DA:46,0
DA:47,0
DA:48,0
DA:49,0
DA:50,0
DA:51,0
DA:52,0
DA:53,0
DA:54,0
LF:54
LH:0
BRDA:1,0,0,0
BRF:1
BRH:0
end_of_record
TN:
SF:src/feature.ts
FN:21,Feature
FN:13,get featureFile
FN:17,get gherkin
FNF:3
FNH:3
FNDA:5,Feature
FNDA:2,get featureFile
FNDA:4,get gherkin
DA:1,1
DA:2,1
DA:3,1
DA:4,1
DA:5,1
DA:6,1
DA:7,1
DA:8,1
DA:9,1
DA:10,1
DA:11,1
DA:12,1
DA:13,1
DA:14,2
DA:15,2
DA:16,1
DA:17,1
DA:18,4
DA:19,4
DA:20,1
DA:21,1
DA:22,5
DA:23,5
DA:24,5
DA:25,5
DA:26,5
DA:27,5
DA:28,5
DA:29,5
DA:30,5
DA:31,5
DA:32,5
DA:33,5
DA:34,5
DA:35,5
DA:36,5
DA:37,5
DA:38,1
DA:39,1
DA:40,5
DA:41,5
DA:42,5
DA:43,5
DA:44,5
DA:45,1
DA:46,1
DA:47,1
DA:48,5
DA:49,5
DA:50,1
DA:51,1
DA:52,5
DA:53,1
LF:53
LH:53
BRDA:21,0,0,5
BRDA:30,1,0,1
BRDA:30,2,0,4
BRDA:37,3,0,4
BRDA:37,4,0,1
BRDA:44,5,0,3
BRDA:44,6,0,1
BRDA:49,7,0,0
BRDA:49,8,0,3
BRDA:49,9,0,3
BRDA:49,10,0,0
BRDA:49,11,0,3
BRDA:49,12,0,3
BRDA:49,13,0,0
BRDA:49,14,0,0
BRDA:49,15,0,1
BRDA:49,16,0,2
BRDA:13,17,0,2
BRDA:17,18,0,4
BRF:19
BRH:15
end_of_record
TN:
SF:src/types.ts
FN:3,BdhStatus
FN:11,addFile
FN:15,addError
FN:19,addFileError
FN:23,addScenario
FN:27,merge
FN:36,reset
FNF:7
FNH:7
FNDA:18,BdhStatus
FNDA:26,addFile
FNDA:11,addError
FNDA:11,addFileError
FNDA:11,addScenario
FNDA:2,merge
FNDA:9,reset
DA:1,1
DA:2,1
DA:3,18
DA:4,18
DA:5,18
DA:6,18
DA:7,18
DA:8,18
DA:9,18
DA:10,18
DA:11,18
DA:12,26
DA:13,26
DA:14,18
DA:15,18
DA:16,11
DA:17,11
DA:18,18
DA:19,18
DA:20,11
DA:21,11
DA:22,18
DA:23,18
DA:24,11
DA:25,11
DA:26,18
DA:27,18
DA:28,2
DA:29,2
DA:30,2
DA:31,2
DA:32,2
DA:33,2
DA:34,2
DA:35,18
DA:36,18
DA:37,9
DA:38,9
DA:39,9
DA:40,9
DA:41,9
DA:42,9
DA:43,9
DA:44,9
DA:45,18
LF:45
LH:45
BRDA:3,0,0,18
BRDA:11,1,0,26
BRDA:15,2,0,11
BRDA:19,3,0,11
BRDA:23,4,0,11
BRDA:27,5,0,2
BRDA:36,6,0,9
BRF:7
BRH:7
end_of_record
TN:
SF:src/__test__/samples.ts
FN:3,loadFeatureFile
FNF:1
FNH:0
FNDA:0,loadFeatureFile
DA:1,1
DA:2,1
DA:3,1
DA:4,0
DA:5,0
DA:6,1
DA:7,1
DA:8,1
DA:9,1
DA:10,1
DA:11,1
DA:12,1
DA:13,1
DA:14,1
DA:15,1
DA:16,1
DA:17,1
DA:18,1
DA:19,1
DA:20,1
DA:21,1
DA:22,1
DA:23,1
DA:24,1
DA:25,1
DA:26,1
DA:27,1
DA:28,1
DA:29,1
DA:30,1
DA:31,1
DA:32,1
DA:33,1
DA:34,1
DA:35,1
DA:36,1
DA:37,1
DA:38,1
DA:39,1
DA:40,1
DA:41,1
DA:42,1
DA:43,1
DA:44,1
DA:45,1
DA:46,1
DA:47,1
DA:48,1
DA:49,1
DA:50,1
DA:51,1
DA:52,1
DA:53,1
DA:54,1
DA:55,1
DA:56,1
DA:57,1
DA:58,1
DA:59,1
DA:60,1
DA:61,1
DA:62,1
DA:63,1
DA:64,1
DA:65,1
DA:66,1
DA:67,1
DA:68,1
DA:69,1
DA:70,1
DA:71,1
DA:72,1
DA:73,1
DA:74,1
DA:75,1
DA:76,1
DA:77,1
DA:78,1
DA:79,1
DA:80,1
DA:81,1
DA:82,1
DA:83,1
DA:84,1
DA:85,1
DA:86,1
DA:87,1
DA:88,1
DA:89,1
DA:90,1
DA:91,1
DA:92,1
DA:93,1
DA:94,1
DA:95,1
DA:96,1
DA:97,1
DA:98,1
DA:99,1
DA:100,1
DA:101,1
DA:102,1
DA:103,1
DA:104,1
DA:105,1
DA:106,1
DA:107,1
DA:108,1
DA:109,1
DA:110,1
DA:111,1
DA:112,1
DA:113,1
DA:114,1
DA:115,1
DA:116,1
DA:117,1
DA:118,1
DA:119,1
DA:120,1
DA:121,1
DA:122,1
DA:123,1
DA:124,1
DA:125,1
DA:126,1
DA:127,1
DA:128,1
DA:129,1
DA:130,1
DA:131,1
DA:132,1
DA:133,1
DA:134,1
DA:135,1
DA:136,1
DA:137,1
DA:138,1
DA:139,1
DA:140,1
LF:140
LH:138
BRF:0
BRH:0
end_of_record
TN:
SF:src/cmds/cmds.ts
FN:8,createProgram
FNF:1
FNH:1
FNDA:4,createProgram
DA:1,1
DA:2,1
DA:3,1
DA:4,1
DA:5,1
DA:6,1
DA:7,1
DA:8,1
DA:9,4
DA:10,4
DA:11,4
DA:12,4
DA:13,4
DA:14,4
DA:15,4
DA:16,4
DA:17,4
DA:18,4
DA:19,4
DA:20,4
DA:21,4
LF:21
LH:21
BRDA:8,0,0,4
BRF:1
BRH:1
end_of_record
TN:
SF:src/cmds/dumper.ts
FN:7,dumper
FNF:1
FNH:1
FNDA:5,dumper
DA:1,1
DA:2,1
DA:3,1
DA:4,1
DA:5,1
DA:6,1
DA:7,1
DA:8,5
DA:9,5
DA:10,5
DA:11,5
DA:12,5
DA:13,5
DA:14,8
DA:15,8
DA:16,1
DA:17,1
DA:18,8
DA:19,8
DA:20,3
DA:21,3
DA:22,2
DA:23,4
DA:24,2
DA:25,2
DA:26,2
DA:27,3
DA:28,1
DA:29,1
DA:30,1
DA:31,1
DA:32,8
DA:33,4
DA:34,4
DA:35,4
DA:36,4
DA:37,4
DA:38,4
DA:39,4
DA:40,4
DA:41,2
DA:42,2
DA:43,2
DA:44,2
DA:45,4
DA:46,5
DA:47,5
DA:48,5
DA:49,5
LF:49
LH:49
BRDA:7,0,0,5
BRDA:13,1,0,8
BRDA:15,2,0,1
BRDA:19,3,0,3
BRDA:21,4,0,2
BRDA:27,5,0,1
BRDA:32,6,0,4
BRDA:40,7,0,2
BRDA:22,8,0,4
BRDA:23,9,0,2
BRDA:23,10,0,3
BRDA:23,11,0,2
BRDA:24,12,0,3
BRF:13
BRH:13
end_of_record
TN:
SF:src/cmds/gherkin.ts
FN:7,initCommand
FNF:1
FNH:1
FNDA:4,initCommand
DA:1,1
DA:2,1
DA:3,1
DA:4,1
DA:5,1
DA:6,1
DA:7,1
DA:8,4
DA:9,4
DA:10,4
DA:11,4
DA:12,4
DA:13,2
DA:14,2
DA:15,2
DA:16,2
DA:17,2
DA:18,2
DA:19,1
DA:20,1
DA:21,2
DA:22,4
DA:23,4
DA:24,4
LF:24
LH:24
BRDA:7,0,0,4
BRDA:12,1,0,2
BRDA:16,2,0,1
BRDA:16,3,0,1
BRDA:18,4,0,1
BRF:5
BRH:5
end_of_record
TN:
SF:src/cmds/yaml.ts
FN:8,initCommand
FNF:1
FNH:1
FNDA:4,initCommand
DA:1,1
DA:2,1
DA:3,1
DA:4,1
DA:5,1
DA:6,1
DA:7,1
DA:8,1
DA:9,4
DA:10,4
DA:11,4
DA:12,4
DA:13,4
DA:14,2
DA:15,2
DA:16,2
DA:17,2
DA:18,2
DA:19,2
DA:20,1
DA:21,1
DA:22,4
DA:23,4
DA:24,4
LF:24
LH:24
BRDA:8,0,0,4
BRDA:13,1,0,2
BRDA:17,2,0,1
BRDA:17,3,0,1
BRDA:19,4,0,1
BRF:5
BRH:5
end_of_record
TN:
SF:src/loaders/gherkin.ts
FN:7,loadGherkin
FN:18,parseGherkin
FNF:2
FNH:2
FNDA:5,loadGherkin
FNDA:11,parseGherkin
DA:1,1
DA:2,1
DA:3,1
DA:4,1
DA:5,1
DA:6,1
DA:7,1
DA:8,5
DA:9,5
DA:10,5
DA:11,5
DA:12,1
DA:13,1
DA:14,4
DA:15,4
DA:16,4
DA:17,1
DA:18,1
DA:19,11
DA:20,11
DA:21,11
DA:22,11
DA:23,11
DA:24,11
DA:25,11
DA:26,11
DA:27,11
DA:28,11
DA:29,1
DA:30,1
DA:31,1
DA:32,11
DA:33,11
DA:34,1
DA:35,1
DA:36,9
DA:37,9
DA:38,9
DA:39,9
LF:39
LH:39
BRDA:7,0,0,5
BRDA:11,1,0,4
BRDA:11,2,0,1
BRDA:14,3,0,4
BRDA:18,4,0,11
BRDA:22,5,0,1
BRDA:22,6,0,10
BRDA:28,7,0,10
BRDA:28,8,0,1
BRDA:33,9,0,0
BRDA:33,10,0,10
BRDA:33,11,0,10
BRDA:33,12,0,0
BRDA:33,13,0,1
BRDA:36,14,0,9
BRDA:33,15,0,9
BRF:16
BRH:14
end_of_record
TN:
SF:src/loaders/yaml.ts
FN:6,loadYaml
FNF:1
FNH:1
FNDA:3,loadYaml
DA:1,1
DA:2,1
DA:3,1
DA:4,1
DA:5,1
DA:6,1
DA:7,3
DA:8,3
DA:9,3
DA:10,3
DA:11,3
DA:12,3
DA:13,1
DA:14,1
DA:15,3
DA:16,3
DA:17,3
DA:18,3
DA:19,1
DA:20,1
DA:21,1
DA:22,1
DA:23,1
LF:23
LH:23
BRDA:6,0,0,3
BRDA:12,1,0,2
BRDA:12,2,0,1
BRDA:18,3,0,1
BRF:4
BRH:4
end_of_record
TN:
SF:src/translators/automation-translator.ts
FN:1,(empty-report)
FNF:1
FNH:0
FNDA:0,(empty-report)
DA:1,0
DA:2,0
DA:3,0
DA:4,0
DA:5,0
DA:6,0
DA:7,0
DA:8,0
DA:9,0
DA:10,0
DA:11,0
DA:12,0
DA:13,0
DA:14,0
DA:15,0
DA:16,0
DA:17,0
DA:18,0
DA:19,0
DA:20,0
DA:21,0
DA:22,0
DA:23,0
DA:24,0
DA:25,0
DA:26,0
DA:27,0
DA:28,0
DA:29,0
DA:30,0
DA:31,0
DA:32,0
DA:33,0
DA:34,0
DA:35,0
DA:36,0
DA:37,0
DA:38,0
DA:39,0
DA:40,0
DA:41,0
DA:42,0
DA:43,0
DA:44,0
DA:45,0
DA:46,0
DA:47,0
DA:48,0
DA:49,0
DA:50,0
DA:51,0
DA:52,0
DA:53,0
DA:54,0
DA:55,0
DA:56,0
DA:57,0
DA:58,0
DA:59,0
DA:60,0
DA:61,0
DA:62,0
DA:63,0
DA:64,0
DA:65,0
DA:66,0
DA:67,0
DA:68,0
DA:69,0
DA:70,0
DA:71,0
DA:72,0
DA:73,0
DA:74,0
DA:75,0
DA:76,0
DA:77,0
DA:78,0
DA:79,0
DA:80,0
DA:81,0
DA:82,0
DA:83,0
DA:84,0
DA:85,0
DA:86,0
DA:87,0
DA:88,0
DA:89,0
DA:90,0
DA:91,0
DA:92,0
DA:93,0
DA:94,0
DA:95,0
DA:96,0
DA:97,0
DA:98,0
DA:99,0
DA:100,0
DA:101,0
DA:102,0
DA:103,0
DA:104,0
DA:105,0
DA:106,0
DA:107,0
DA:108,0
DA:109,0
DA:110,0
LF:110
LH:0
BRDA:1,0,0,0
BRF:1
BRH:0
end_of_record
TN:
SF:src/translators/base-translator.ts
FN:12,Step
FN:40,BaseTranslator
FN:28,get lines
FN:32,get source
FN:36,get yaml
FN:47,translateFeature
FN:51,translateScenario
FN:55,translateGiven
FN:69,translateWhen
FN:112,translateThen
FN:126,getExampleTable
FN:216,finalizeScenario
FN:225,translate
FNF:13
FNH:9
FNDA:0,Step
FNDA:9,BaseTranslator
FNDA:3,get lines
FNDA:0,get source
FNDA:0,get yaml
FNDA:5,translateFeature
FNDA:10,translateScenario
FNDA:3,translateGiven
FNDA:9,translateWhen
FNDA:18,translateThen
FNDA:0,getExampleTable
FNDA:10,finalizeScenario
FNDA:9,translate
DA:1,1
DA:2,1
DA:3,1
DA:4,1
DA:5,1
DA:6,1
DA:7,1
DA:8,1
DA:9,1
DA:10,1
DA:11,1
DA:12,1
DA:13,0
DA:14,0
DA:15,0
DA:16,0
DA:17,0
DA:18,1
DA:19,1
DA:20,1
DA:21,1
DA:22,1
DA:23,1
DA:24,1
DA:25,1
DA:26,1
DA:27,1
DA:28,1
DA:29,3
DA:30,3
DA:31,1
DA:32,1
DA:33,0
DA:34,0
DA:35,1
DA:36,1
DA:37,0
DA:38,0
DA:39,1
DA:40,1
DA:41,9
DA:42,9
DA:43,9
DA:44,9
DA:45,9
DA:46,1
DA:47,1
DA:48,5
DA:49,5
DA:50,1
DA:51,1
DA:52,10
DA:53,10
DA:54,1
DA:55,1
DA:56,3
DA:57,3
DA:58,3
DA:59,3
DA:60,3
DA:61,3
DA:62,3
DA:63,3
DA:64,3
DA:65,3
DA:66,3
DA:67,3
DA:68,1
DA:69,1
DA:70,9
DA:71,9
DA:72,9
DA:73,9
DA:74,9
DA:75,9
DA:76,9
DA:77,9
DA:78,9
DA:79,9
DA:80,9
DA:81,9
DA:82,9
DA:83,9
DA:84,9
DA:85,9
DA:86,9
DA:87,9
DA:88,9
DA:89,9
DA:90,9
DA:91,9
DA:92,9
DA:93,9
DA:94,9
DA:95,9
DA:96,9
DA:97,9
DA:98,9
DA:99,9
DA:100,9
DA:101,9
DA:102,9
DA:103,9
DA:104,9
DA:105,9
DA:106,9
DA:107,9
DA:108,9
DA:109,9
DA:110,9
DA:111,1
DA:112,1
DA:113,18
DA:114,18
DA:115,18
DA:116,18
DA:117,18
DA:118,18
DA:119,18
DA:120,18
DA:121,18
DA:122,18
DA:123,18
DA:124,18
DA:125,1
DA:126,1
DA:127,0
DA:128,0
DA:129,0
DA:130,0
DA:131,0
DA:132,0
DA:133,0
DA:134,0
DA:135,0
DA:136,0
DA:137,0
DA:138,0
DA:139,0
DA:140,0
DA:141,0
DA:142,1
DA:143,1
DA:144,1
DA:145,1
DA:146,1
DA:147,1
DA:148,1
DA:149,1
DA:150,1
DA:151,1
DA:152,1
DA:153,1
DA:154,1
DA:155,1
DA:156,1
DA:157,1
DA:158,1
DA:159,1
DA:160,1
DA:161,1
DA:162,1
DA:163,1
DA:164,1
DA:165,1
DA:166,1
DA:167,1
DA:168,1
DA:169,1
DA:170,1
DA:171,1
DA:172,1
DA:173,1
DA:174,1
DA:175,1
DA:176,1
DA:177,1
DA:178,1
DA:179,1
DA:180,1
DA:181,1
DA:182,1
DA:183,1
DA:184,1
DA:185,1
DA:186,1
DA:187,1
DA:188,1
DA:189,1
DA:190,1
DA:191,1
DA:192,1
DA:193,1
DA:194,1
DA:195,1
DA:196,1
DA:197,1
DA:198,1
DA:199,1
DA:200,1
DA:201,1
DA:202,1
DA:203,1
DA:204,1
DA:205,1
DA:206,1
DA:207,1
DA:208,1
DA:209,1
DA:210,1
DA:211,1
DA:212,1
DA:213,1
DA:214,1
DA:215,1
DA:216,1
DA:217,10
DA:218,1
DA:219,1
DA:220,10
DA:221,1
DA:222,1
DA:223,10
DA:224,1
DA:225,1
DA:226,9
DA:227,9
DA:228,9
DA:229,9
DA:230,9
DA:231,9
DA:232,9
DA:233,1
DA:234,1
DA:235,8
DA:236,8
DA:237,8
DA:238,9
DA:239,1
DA:240,1
DA:241,9
DA:242,9
DA:243,5
DA:244,5
DA:245,9
DA:246,9
DA:247,14
DA:248,14
DA:249,11
DA:250,11
DA:251,11
DA:252,11
DA:253,11
DA:254,11
DA:255,11
DA:256,11
DA:257,11
DA:258,11
DA:259,11
DA:260,11
DA:261,11
DA:262,1
DA:263,1
DA:264,11
DA:265,11
DA:266,11
DA:267,11
DA:268,30
DA:269,30
DA:270,30
DA:271,30
DA:272,21
DA:273,21
DA:274,30
DA:275,30
DA:276,30
DA:277,30
DA:278,30
DA:279,30
DA:280,0
DA:281,0
DA:282,30
DA:283,30
DA:284,30
DA:285,3
DA:286,3
DA:287,3
DA:288,30
DA:289,30
DA:290,9
DA:291,9
DA:292,9
DA:293,30
DA:294,30
DA:295,18
DA:296,18
DA:297,18
DA:298,30
DA:299,30
DA:300,11
DA:301,11
DA:302,11
DA:303,11
DA:304,11
DA:305,11
DA:306,11
DA:307,3
DA:308,3
DA:309,3
DA:310,11
DA:311,9
DA:312,9
DA:313,9
DA:314,1
DA:315,1
DA:316,9
DA:317,9
DA:318,3
DA:319,3
DA:320,3
DA:321,9
DA:322,9
DA:323,9
DA:324,6
DA:325,6
DA:326,9
DA:327,9
DA:328,9
DA:329,1
LF:329
LH:303
BRDA:40,0,0,9
BRDA:28,1,0,3
BRDA:47,2,0,5
BRDA:51,3,0,10
BRDA:55,4,0,3
BRDA:69,5,0,9
BRDA:112,6,0,18
BRDA:216,7,0,10
BRDA:217,8,0,1
BRDA:220,9,0,9
BRDA:220,10,0,1
BRDA:225,11,0,9
BRDA:232,12,0,1
BRDA:235,13,0,8
BRDA:238,14,0,0
BRDA:238,15,0,8
BRDA:238,16,0,7
BRDA:238,17,0,1
BRDA:242,18,0,5
BRDA:313,19,0,2
BRDA:313,20,0,1
BRDA:317,21,0,6
BRDA:317,22,0,3
BRDA:323,23,0,6
BRDA:246,24,0,14
BRDA:248,25,0,4
BRDA:248,26,0,11
BRDA:261,27,0,0
BRDA:261,28,0,1
BRDA:306,29,0,8
BRDA:306,30,0,3
BRDA:267,31,0,30
BRDA:271,32,0,21
BRDA:271,33,0,21
BRDA:279,34,0,0
BRDA:284,35,0,3
BRDA:289,36,0,9
BRDA:294,37,0,18
BRF:38
BRH:35
end_of_record
